<?xml version="1.0" encoding="UTF-8"?>
<coverage generated="1761381447939" clover="3.2.0">
  <project timestamp="1761381447939" name="All files">
    <metrics statements="344" coveredstatements="99" conditionals="176" coveredconditionals="34" methods="46" coveredmethods="9" elements="566" coveredelements="142" complexity="0" loc="344" ncloc="344" packages="2" files="4" classes="4"/>
    <package name="controllers">
      <metrics statements="266" coveredstatements="55" conditionals="157" coveredconditionals="32" methods="25" coveredmethods="5"/>
      <file name="routeController.js" path="C:\Users\lasit\OneDrive\Documents\Backup\Smart-Waste-Management-System-App\backend\controllers\routeController.js">
        <metrics statements="266" coveredstatements="55" conditionals="157" coveredconditionals="32" methods="25" coveredmethods="5"/>
        <line num="1" count="1" type="stmt"/>
        <line num="2" count="1" type="stmt"/>
        <line num="3" count="1" type="stmt"/>
        <line num="12" count="1" type="stmt"/>
        <line num="13" count="7" type="stmt"/>
        <line num="14" count="7" type="stmt"/>
        <line num="17" count="7" type="cond" truecount="7" falsecount="0"/>
        <line num="18" count="4" type="stmt"/>
        <line num="25" count="3" type="stmt"/>
        <line num="26" count="3" type="cond" truecount="1" falsecount="1"/>
        <line num="27" count="0" type="stmt"/>
        <line num="34" count="4" type="stmt"/>
        <line num="35" count="3" type="stmt"/>
        <line num="37" count="3" type="cond" truecount="1" falsecount="1"/>
        <line num="38" count="0" type="stmt"/>
        <line num="45" count="3" type="cond" truecount="2" falsecount="0"/>
        <line num="46" count="1" type="stmt"/>
        <line num="47" count="1" type="cond" truecount="1" falsecount="1"/>
        <line num="48" count="0" type="stmt"/>
        <line num="53" count="1" type="cond" truecount="1" falsecount="1"/>
        <line num="54" count="0" type="stmt"/>
        <line num="62" count="3" type="stmt"/>
        <line num="66" count="4" type="stmt"/>
        <line num="77" count="3" type="stmt"/>
        <line num="83" count="3" type="stmt"/>
        <line num="89" count="0" type="stmt"/>
        <line num="90" count="0" type="stmt"/>
        <line num="101" count="1" type="stmt"/>
        <line num="102" count="2" type="stmt"/>
        <line num="103" count="2" type="cond" truecount="2" falsecount="0"/>
        <line num="106" count="2" type="stmt"/>
        <line num="107" count="2" type="cond" truecount="2" falsecount="0"/>
        <line num="108" count="2" type="cond" truecount="1" falsecount="1"/>
        <line num="109" count="2" type="cond" truecount="3" falsecount="1"/>
        <line num="110" count="0" type="stmt"/>
        <line num="111" count="0" type="cond" truecount="0" falsecount="2"/>
        <line num="112" count="0" type="cond" truecount="0" falsecount="2"/>
        <line num="116" count="2" type="stmt"/>
        <line num="118" count="2" type="stmt"/>
        <line num="126" count="2" type="stmt"/>
        <line num="128" count="2" type="stmt"/>
        <line num="141" count="0" type="stmt"/>
        <line num="142" count="0" type="stmt"/>
        <line num="153" count="1" type="stmt"/>
        <line num="154" count="0" type="stmt"/>
        <line num="155" count="0" type="stmt"/>
        <line num="160" count="0" type="cond" truecount="0" falsecount="2"/>
        <line num="161" count="0" type="stmt"/>
        <line num="167" count="0" type="stmt"/>
        <line num="172" count="0" type="stmt"/>
        <line num="173" count="0" type="stmt"/>
        <line num="184" count="1" type="stmt"/>
        <line num="185" count="2" type="stmt"/>
        <line num="186" count="2" type="stmt"/>
        <line num="188" count="2" type="cond" truecount="1" falsecount="1"/>
        <line num="189" count="0" type="stmt"/>
        <line num="196" count="2" type="cond" truecount="2" falsecount="0"/>
        <line num="197" count="1" type="stmt"/>
        <line num="203" count="1" type="stmt"/>
        <line num="206" count="1" type="cond" truecount="1" falsecount="1"/>
        <line num="207" count="0" type="stmt"/>
        <line num="208" count="0" type="stmt"/>
        <line num="210" count="0" type="cond" truecount="0" falsecount="2"/>
        <line num="211" count="0" type="stmt"/>
        <line num="217" count="0" type="stmt"/>
        <line num="224" count="1" type="cond" truecount="1" falsecount="1"/>
        <line num="225" count="1" type="cond" truecount="1" falsecount="1"/>
        <line num="226" count="1" type="cond" truecount="1" falsecount="1"/>
        <line num="228" count="1" type="stmt"/>
        <line num="229" count="1" type="stmt"/>
        <line num="234" count="1" type="stmt"/>
        <line num="240" count="0" type="stmt"/>
        <line num="241" count="0" type="stmt"/>
        <line num="252" count="1" type="stmt"/>
        <line num="253" count="0" type="stmt"/>
        <line num="254" count="0" type="stmt"/>
        <line num="256" count="0" type="cond" truecount="0" falsecount="2"/>
        <line num="257" count="0" type="stmt"/>
        <line num="265" count="0" type="stmt"/>
        <line num="267" count="0" type="stmt"/>
        <line num="272" count="0" type="stmt"/>
        <line num="273" count="0" type="stmt"/>
        <line num="284" count="1" type="stmt"/>
        <line num="285" count="0" type="stmt"/>
        <line num="286" count="0" type="stmt"/>
        <line num="288" count="0" type="cond" truecount="0" falsecount="2"/>
        <line num="289" count="0" type="stmt"/>
        <line num="296" count="0" type="stmt"/>
        <line num="297" count="0" type="cond" truecount="0" falsecount="2"/>
        <line num="298" count="0" type="stmt"/>
        <line num="303" count="0" type="cond" truecount="0" falsecount="2"/>
        <line num="304" count="0" type="stmt"/>
        <line num="310" count="0" type="stmt"/>
        <line num="312" count="0" type="cond" truecount="0" falsecount="2"/>
        <line num="313" count="0" type="stmt"/>
        <line num="319" count="0" type="stmt"/>
        <line num="320" count="0" type="stmt"/>
        <line num="321" count="0" type="stmt"/>
        <line num="323" count="0" type="stmt"/>
        <line num="329" count="0" type="stmt"/>
        <line num="330" count="0" type="stmt"/>
        <line num="341" count="1" type="stmt"/>
        <line num="342" count="0" type="stmt"/>
        <line num="343" count="0" type="stmt"/>
        <line num="352" count="0" type="stmt"/>
        <line num="357" count="0" type="stmt"/>
        <line num="358" count="0" type="stmt"/>
        <line num="373" count="1" type="stmt"/>
        <line num="374" count="0" type="stmt"/>
        <line num="375" count="0" type="stmt"/>
        <line num="377" count="0" type="stmt"/>
        <line num="378" count="0" type="cond" truecount="0" falsecount="2"/>
        <line num="380" count="0" type="stmt"/>
        <line num="385" count="0" type="stmt"/>
        <line num="390" count="0" type="stmt"/>
        <line num="391" count="0" type="stmt"/>
        <line num="402" count="1" type="stmt"/>
        <line num="403" count="0" type="stmt"/>
        <line num="404" count="0" type="stmt"/>
        <line num="405" count="0" type="stmt"/>
        <line num="407" count="0" type="cond" truecount="0" falsecount="2"/>
        <line num="408" count="0" type="stmt"/>
        <line num="415" count="0" type="cond" truecount="0" falsecount="4"/>
        <line num="416" count="0" type="stmt"/>
        <line num="423" count="0" type="cond" truecount="0" falsecount="2"/>
        <line num="424" count="0" type="stmt"/>
        <line num="431" count="0" type="cond" truecount="0" falsecount="5"/>
        <line num="432" count="0" type="stmt"/>
        <line num="439" count="0" type="stmt"/>
        <line num="440" count="0" type="cond" truecount="0" falsecount="2"/>
        <line num="441" count="0" type="stmt"/>
        <line num="448" count="0" type="stmt"/>
        <line num="449" count="0" type="stmt"/>
        <line num="450" count="0" type="stmt"/>
        <line num="456" count="0" type="stmt"/>
        <line num="457" count="0" type="stmt"/>
        <line num="459" count="0" type="stmt"/>
        <line num="465" count="0" type="stmt"/>
        <line num="466" count="0" type="stmt"/>
        <line num="477" count="1" type="stmt"/>
        <line num="478" count="0" type="stmt"/>
        <line num="479" count="0" type="stmt"/>
        <line num="480" count="0" type="stmt"/>
        <line num="481" count="0" type="stmt"/>
        <line num="482" count="0" type="stmt"/>
        <line num="484" count="0" type="stmt"/>
        <line num="486" count="0" type="cond" truecount="0" falsecount="2"/>
        <line num="487" count="0" type="stmt"/>
        <line num="494" count="0" type="cond" truecount="0" falsecount="4"/>
        <line num="495" count="0" type="stmt"/>
        <line num="502" count="0" type="cond" truecount="0" falsecount="2"/>
        <line num="503" count="0" type="stmt"/>
        <line num="510" count="0" type="cond" truecount="0" falsecount="2"/>
        <line num="511" count="0" type="cond" truecount="0" falsecount="4"/>
        <line num="512" count="0" type="stmt"/>
        <line num="520" count="0" type="stmt"/>
        <line num="522" count="0" type="cond" truecount="0" falsecount="2"/>
        <line num="523" count="0" type="stmt"/>
        <line num="530" count="0" type="stmt"/>
        <line num="533" count="0" type="stmt"/>
        <line num="534" count="0" type="stmt"/>
        <line num="535" count="0" type="stmt"/>
        <line num="538" count="0" type="cond" truecount="0" falsecount="4"/>
        <line num="539" count="0" type="stmt"/>
        <line num="540" count="0" type="stmt"/>
        <line num="542" count="0" type="stmt"/>
        <line num="545" count="0" type="stmt"/>
        <line num="549" count="0" type="stmt"/>
        <line num="550" count="0" type="cond" truecount="0" falsecount="4"/>
        <line num="551" count="0" type="stmt"/>
        <line num="553" count="0" type="stmt"/>
        <line num="554" count="0" type="stmt"/>
        <line num="556" count="0" type="stmt"/>
        <line num="559" count="0" type="stmt"/>
        <line num="562" count="0" type="stmt"/>
        <line num="570" count="0" type="stmt"/>
        <line num="571" count="0" type="cond" truecount="0" falsecount="5"/>
        <line num="572" count="0" type="stmt"/>
        <line num="579" count="0" type="stmt"/>
        <line num="583" count="0" type="stmt"/>
        <line num="584" count="0" type="stmt"/>
        <line num="585" count="0" type="stmt"/>
        <line num="587" count="0" type="cond" truecount="0" falsecount="2"/>
        <line num="588" count="0" type="stmt"/>
        <line num="589" count="0" type="stmt"/>
        <line num="590" count="0" type="cond" truecount="0" falsecount="2"/>
        <line num="593" count="0" type="stmt"/>
        <line num="599" count="0" type="stmt"/>
        <line num="601" count="0" type="stmt"/>
        <line num="603" count="0" type="stmt"/>
        <line num="613" count="0" type="stmt"/>
        <line num="614" count="0" type="stmt"/>
        <line num="625" count="1" type="stmt"/>
        <line num="626" count="0" type="stmt"/>
        <line num="627" count="0" type="stmt"/>
        <line num="629" count="0" type="cond" truecount="0" falsecount="2"/>
        <line num="630" count="0" type="stmt"/>
        <line num="636" count="0" type="stmt"/>
        <line num="638" count="0" type="cond" truecount="0" falsecount="2"/>
        <line num="639" count="0" type="stmt"/>
        <line num="646" count="0" type="cond" truecount="0" falsecount="4"/>
        <line num="647" count="0" type="stmt"/>
        <line num="654" count="0" type="cond" truecount="0" falsecount="2"/>
        <line num="655" count="0" type="stmt"/>
        <line num="662" count="0" type="stmt"/>
        <line num="664" count="0" type="cond" truecount="0" falsecount="2"/>
        <line num="665" count="0" type="stmt"/>
        <line num="672" count="0" type="stmt"/>
        <line num="673" count="0" type="stmt"/>
        <line num="675" count="0" type="stmt"/>
        <line num="676" count="0" type="stmt"/>
        <line num="678" count="0" type="stmt"/>
        <line num="684" count="0" type="stmt"/>
        <line num="685" count="0" type="stmt"/>
        <line num="696" count="1" type="stmt"/>
        <line num="697" count="0" type="stmt"/>
        <line num="698" count="0" type="stmt"/>
        <line num="700" count="0" type="cond" truecount="0" falsecount="2"/>
        <line num="701" count="0" type="stmt"/>
        <line num="708" count="0" type="cond" truecount="0" falsecount="4"/>
        <line num="709" count="0" type="stmt"/>
        <line num="716" count="0" type="cond" truecount="0" falsecount="2"/>
        <line num="717" count="0" type="stmt"/>
        <line num="724" count="0" type="stmt"/>
        <line num="725" count="0" type="cond" truecount="0" falsecount="2"/>
        <line num="728" count="0" type="cond" truecount="0" falsecount="2"/>
        <line num="729" count="0" type="stmt"/>
        <line num="734" count="0" type="stmt"/>
        <line num="735" count="0" type="stmt"/>
        <line num="736" count="0" type="stmt"/>
        <line num="742" count="0" type="stmt"/>
        <line num="745" count="0" type="stmt"/>
        <line num="746" count="0" type="stmt"/>
        <line num="749" count="0" type="stmt"/>
        <line num="750" count="0" type="stmt"/>
        <line num="752" count="0" type="stmt"/>
        <line num="753" count="0" type="cond" truecount="0" falsecount="2"/>
        <line num="756" count="0" type="stmt"/>
        <line num="759" count="0" type="cond" truecount="0" falsecount="4"/>
        <line num="761" count="0" type="stmt"/>
        <line num="762" count="0" type="stmt"/>
        <line num="765" count="0" type="cond" truecount="0" falsecount="2"/>
        <line num="768" count="0" type="stmt"/>
        <line num="769" count="0" type="stmt"/>
        <line num="772" count="0" type="stmt"/>
        <line num="775" count="0" type="cond" truecount="0" falsecount="2"/>
        <line num="776" count="0" type="stmt"/>
        <line num="782" count="0" type="cond" truecount="0" falsecount="2"/>
        <line num="787" count="0" type="cond" truecount="0" falsecount="2"/>
        <line num="788" count="0" type="stmt"/>
        <line num="791" count="0" type="stmt"/>
        <line num="792" count="0" type="stmt"/>
        <line num="795" count="0" type="stmt"/>
        <line num="796" count="0" type="stmt"/>
        <line num="797" count="0" type="stmt"/>
        <line num="798" count="0" type="stmt"/>
        <line num="799" count="0" type="stmt"/>
        <line num="800" count="0" type="stmt"/>
        <line num="801" count="0" type="stmt"/>
        <line num="802" count="0" type="stmt"/>
        <line num="803" count="0" type="stmt"/>
        <line num="804" count="0" type="stmt"/>
        <line num="806" count="0" type="stmt"/>
        <line num="808" count="0" type="stmt"/>
        <line num="822" count="0" type="stmt"/>
        <line num="823" count="0" type="stmt"/>
      </file>
    </package>
    <package name="models">
      <metrics statements="78" coveredstatements="44" conditionals="19" coveredconditionals="2" methods="21" coveredmethods="4"/>
      <file name="Bin.js" path="C:\Users\lasit\OneDrive\Documents\Backup\Smart-Waste-Management-System-App\backend\models\Bin.js">
        <metrics statements="19" coveredstatements="11" conditionals="4" coveredconditionals="1" methods="3" coveredmethods="1"/>
        <line num="1" count="1" type="stmt"/>
        <line num="3" count="1" type="stmt"/>
        <line num="113" count="1" type="stmt"/>
        <line num="115" count="8" type="stmt"/>
        <line num="118" count="8" type="cond" truecount="1" falsecount="1"/>
        <line num="119" count="0" type="stmt"/>
        <line num="120" count="0" type="stmt"/>
        <line num="121" count="0" type="stmt"/>
        <line num="122" count="0" type="stmt"/>
        <line num="124" count="0" type="stmt"/>
        <line num="125" count="0" type="stmt"/>
        <line num="129" count="8" type="stmt"/>
        <line num="133" count="1" type="stmt"/>
        <line num="134" count="0" type="stmt"/>
        <line num="138" count="1" type="stmt"/>
        <line num="139" count="0" type="cond" truecount="0" falsecount="2"/>
        <line num="143" count="1" type="stmt"/>
        <line num="144" count="1" type="stmt"/>
        <line num="146" count="1" type="stmt"/>
      </file>
      <file name="Route.js" path="C:\Users\lasit\OneDrive\Documents\Backup\Smart-Waste-Management-System-App\backend\models\Route.js">
        <metrics statements="25" coveredstatements="17" conditionals="6" coveredconditionals="0" methods="11" coveredmethods="1"/>
        <line num="1" count="1" type="stmt"/>
        <line num="3" count="1" type="stmt"/>
        <line num="153" count="1" type="stmt"/>
        <line num="154" count="8" type="stmt"/>
        <line num="155" count="8" type="stmt"/>
        <line num="159" count="1" type="stmt"/>
        <line num="160" count="0" type="stmt"/>
        <line num="164" count="1" type="stmt"/>
        <line num="165" count="0" type="stmt"/>
        <line num="169" count="1" type="stmt"/>
        <line num="170" count="0" type="stmt"/>
        <line num="174" count="1" type="stmt"/>
        <line num="175" count="0" type="stmt"/>
        <line num="179" count="1" type="stmt"/>
        <line num="180" count="0" type="cond" truecount="0" falsecount="2"/>
        <line num="181" count="0" type="stmt"/>
        <line num="185" count="1" type="stmt"/>
        <line num="186" count="0" type="cond" truecount="0" falsecount="2"/>
        <line num="187" count="0" type="cond" truecount="0" falsecount="2"/>
        <line num="191" count="1" type="stmt"/>
        <line num="192" count="1" type="stmt"/>
        <line num="195" count="1" type="stmt"/>
        <line num="196" count="1" type="stmt"/>
        <line num="197" count="1" type="stmt"/>
        <line num="199" count="1" type="stmt"/>
      </file>
      <file name="User.js" path="C:\Users\lasit\OneDrive\Documents\Backup\Smart-Waste-Management-System-App\backend\models\User.js">
        <metrics statements="34" coveredstatements="16" conditionals="9" coveredconditionals="1" methods="7" coveredmethods="2"/>
        <line num="1" count="1" type="stmt"/>
        <line num="2" count="1" type="stmt"/>
        <line num="4" count="1" type="stmt"/>
        <line num="111" count="1" type="stmt"/>
        <line num="112" count="12" type="cond" truecount="1" falsecount="1"/>
        <line num="113" count="0" type="stmt"/>
        <line num="115" count="12" type="stmt"/>
        <line num="116" count="12" type="stmt"/>
        <line num="120" count="1" type="stmt"/>
        <line num="121" count="12" type="stmt"/>
        <line num="122" count="12" type="stmt"/>
        <line num="126" count="1" type="stmt"/>
        <line num="127" count="0" type="stmt"/>
        <line num="131" count="1" type="stmt"/>
        <line num="132" count="0" type="stmt"/>
        <line num="133" count="0" type="stmt"/>
        <line num="138" count="1" type="cond" truecount="0" falsecount="1"/>
        <line num="139" count="0" type="cond" truecount="0" falsecount="2"/>
        <line num="140" count="0" type="stmt"/>
        <line num="141" count="0" type="stmt"/>
        <line num="142" count="0" type="stmt"/>
        <line num="143" count="0" type="stmt"/>
        <line num="149" count="1" type="stmt"/>
        <line num="150" count="0" type="cond" truecount="0" falsecount="2"/>
        <line num="151" count="0" type="stmt"/>
        <line num="153" count="0" type="cond" truecount="0" falsecount="2"/>
        <line num="154" count="0" type="stmt"/>
        <line num="156" count="0" type="stmt"/>
        <line num="157" count="0" type="stmt"/>
        <line num="160" count="0" type="stmt"/>
        <line num="161" count="0" type="stmt"/>
        <line num="165" count="1" type="stmt"/>
        <line num="166" count="0" type="stmt"/>
        <line num="169" count="1" type="stmt"/>
      </file>
    </package>
  </project>
</coverage>
