{"/Users/pramodwijenayake/Desktop/Smart-Waste-Management-System-App/backend/controllers/analyticsController.js": {"path":"/Users/pramodwijenayake/Desktop/Smart-Waste-Management-System-App/backend/controllers/analyticsController.js","statementMap":{"0":{"start":{"line":6,"column":13},"end":{"line":6,"column":38}},"1":{"start":{"line":7,"column":14},"end":{"line":7,"column":40}},"2":{"start":{"line":8,"column":12},"end":{"line":8,"column":36}},"3":{"start":{"line":11,"column":0},"end":{"line":45,"column":2}},"4":{"start":{"line":12,"column":2},"end":{"line":44,"column":3}},"5":{"start":{"line":19,"column":8},"end":{"line":25,"column":6}},"6":{"start":{"line":27,"column":4},"end":{"line":37,"column":7}},"7":{"start":{"line":39,"column":4},"end":{"line":39,"column":45}},"8":{"start":{"line":40,"column":4},"end":{"line":43,"column":7}},"9":{"start":{"line":48,"column":0},"end":{"line":63,"column":2}},"10":{"start":{"line":49,"column":2},"end":{"line":62,"column":3}},"11":{"start":{"line":50,"column":17},"end":{"line":50,"column":38}},"12":{"start":{"line":52,"column":4},"end":{"line":55,"column":7}},"13":{"start":{"line":57,"column":4},"end":{"line":57,"column":40}},"14":{"start":{"line":58,"column":4},"end":{"line":61,"column":7}},"15":{"start":{"line":66,"column":0},"end":{"line":82,"column":2}},"16":{"start":{"line":67,"column":2},"end":{"line":81,"column":3}},"17":{"start":{"line":68,"column":34},"end":{"line":68,"column":43}},"18":{"start":{"line":69,"column":19},"end":{"line":69,"column":56}},"19":{"start":{"line":71,"column":4},"end":{"line":74,"column":7}},"20":{"start":{"line":76,"column":4},"end":{"line":76,"column":53}},"21":{"start":{"line":77,"column":4},"end":{"line":80,"column":7}},"22":{"start":{"line":85,"column":0},"end":{"line":100,"column":2}},"23":{"start":{"line":86,"column":2},"end":{"line":99,"column":3}},"24":{"start":{"line":87,"column":25},"end":{"line":87,"column":57}},"25":{"start":{"line":89,"column":4},"end":{"line":92,"column":7}},"26":{"start":{"line":94,"column":4},"end":{"line":94,"column":54}},"27":{"start":{"line":95,"column":4},"end":{"line":98,"column":7}},"28":{"start":{"line":103,"column":0},"end":{"line":118,"column":2}},"29":{"start":{"line":104,"column":2},"end":{"line":117,"column":3}},"30":{"start":{"line":105,"column":24},"end":{"line":105,"column":55}},"31":{"start":{"line":107,"column":4},"end":{"line":110,"column":7}},"32":{"start":{"line":112,"column":4},"end":{"line":112,"column":53}},"33":{"start":{"line":113,"column":4},"end":{"line":116,"column":7}},"34":{"start":{"line":121,"column":0},"end":{"line":136,"column":2}},"35":{"start":{"line":122,"column":2},"end":{"line":135,"column":3}},"36":{"start":{"line":123,"column":25},"end":{"line":123,"column":52}},"37":{"start":{"line":125,"column":4},"end":{"line":128,"column":7}},"38":{"start":{"line":130,"column":4},"end":{"line":130,"column":49}},"39":{"start":{"line":131,"column":4},"end":{"line":134,"column":7}},"40":{"start":{"line":139,"column":0},"end":{"line":154,"column":2}},"41":{"start":{"line":140,"column":2},"end":{"line":153,"column":3}},"42":{"start":{"line":141,"column":26},"end":{"line":141,"column":58}},"43":{"start":{"line":143,"column":4},"end":{"line":146,"column":7}},"44":{"start":{"line":148,"column":4},"end":{"line":148,"column":50}},"45":{"start":{"line":149,"column":4},"end":{"line":152,"column":7}},"46":{"start":{"line":157,"column":0},"end":{"line":172,"column":2}},"47":{"start":{"line":158,"column":2},"end":{"line":171,"column":3}},"48":{"start":{"line":159,"column":26},"end":{"line":159,"column":54}},"49":{"start":{"line":161,"column":4},"end":{"line":164,"column":7}},"50":{"start":{"line":166,"column":4},"end":{"line":166,"column":50}},"51":{"start":{"line":167,"column":4},"end":{"line":170,"column":7}},"52":{"start":{"line":177,"column":21},"end":{"line":177,"column":48}},"53":{"start":{"line":178,"column":22},"end":{"line":178,"column":67}},"54":{"start":{"line":179,"column":21},"end":{"line":179,"column":69}},"55":{"start":{"line":180,"column":17},"end":{"line":180,"column":61}},"56":{"start":{"line":183,"column":24},"end":{"line":183,"column":34}},"57":{"start":{"line":184,"column":2},"end":{"line":184,"column":54}},"58":{"start":{"line":185,"column":30},"end":{"line":187,"column":4}},"59":{"start":{"line":189,"column":2},"end":{"line":196,"column":4}},"60":{"start":{"line":200,"column":22},"end":{"line":200,"column":50}},"61":{"start":{"line":201,"column":26},"end":{"line":201,"column":77}},"62":{"start":{"line":202,"column":27},"end":{"line":202,"column":80}},"63":{"start":{"line":203,"column":26},"end":{"line":203,"column":77}},"64":{"start":{"line":204,"column":27},"end":{"line":204,"column":89}},"65":{"start":{"line":207,"column":34},"end":{"line":211,"column":4}},"66":{"start":{"line":213,"column":26},"end":{"line":213,"column":27}},"67":{"start":{"line":214,"column":2},"end":{"line":220,"column":3}},"68":{"start":{"line":215,"column":22},"end":{"line":218,"column":9}},"69":{"start":{"line":216,"column":23},"end":{"line":216,"column":74}},"70":{"start":{"line":217,"column":6},"end":{"line":217,"column":28}},"71":{"start":{"line":219,"column":4},"end":{"line":219,"column":93}},"72":{"start":{"line":222,"column":2},"end":{"line":229,"column":4}},"73":{"start":{"line":233,"column":20},"end":{"line":233,"column":46}},"74":{"start":{"line":234,"column":21},"end":{"line":234,"column":67}},"75":{"start":{"line":235,"column":19},"end":{"line":235,"column":63}},"76":{"start":{"line":236,"column":26},"end":{"line":236,"column":77}},"77":{"start":{"line":237,"column":23},"end":{"line":237,"column":71}},"78":{"start":{"line":240,"column":28},"end":{"line":240,"column":76}},"79":{"start":{"line":241,"column":21},"end":{"line":241,"column":22}},"80":{"start":{"line":242,"column":2},"end":{"line":245,"column":3}},"81":{"start":{"line":243,"column":27},"end":{"line":243,"column":89}},"82":{"start":{"line":243,"column":66},"end":{"line":243,"column":85}},"83":{"start":{"line":244,"column":4},"end":{"line":244,"column":73}},"84":{"start":{"line":248,"column":19},"end":{"line":250,"column":4}},"85":{"start":{"line":252,"column":2},"end":{"line":263,"column":4}},"86":{"start":{"line":259,"column":36},"end":{"line":262,"column":5}},"87":{"start":{"line":268,"column":26},"end":{"line":268,"column":67}},"88":{"start":{"line":270,"column":25},"end":{"line":270,"column":26}},"89":{"start":{"line":271,"column":28},"end":{"line":271,"column":29}},"90":{"start":{"line":272,"column":24},"end":{"line":272,"column":25}},"91":{"start":{"line":275,"column":2},"end":{"line":279,"column":5}},"92":{"start":{"line":276,"column":4},"end":{"line":276,"column":69}},"93":{"start":{"line":276,"column":29},"end":{"line":276,"column":69}},"94":{"start":{"line":277,"column":4},"end":{"line":277,"column":74}},"95":{"start":{"line":277,"column":30},"end":{"line":277,"column":74}},"96":{"start":{"line":278,"column":4},"end":{"line":278,"column":72}},"97":{"start":{"line":278,"column":31},"end":{"line":278,"column":72}},"98":{"start":{"line":282,"column":24},"end":{"line":284,"column":7}},"99":{"start":{"line":287,"column":14},"end":{"line":287,"column":24}},"100":{"start":{"line":288,"column":16},"end":{"line":288,"column":74}},"101":{"start":{"line":289,"column":18},"end":{"line":289,"column":69}},"102":{"start":{"line":290,"column":19},"end":{"line":290,"column":71}},"103":{"start":{"line":292,"column":27},"end":{"line":295,"column":4}},"104":{"start":{"line":297,"column":30},"end":{"line":300,"column":4}},"105":{"start":{"line":302,"column":31},"end":{"line":305,"column":4}},"106":{"start":{"line":307,"column":2},"end":{"line":315,"column":4}},"107":{"start":{"line":319,"column":17},"end":{"line":319,"column":58}},"108":{"start":{"line":321,"column":24},"end":{"line":321,"column":25}},"109":{"start":{"line":322,"column":26},"end":{"line":322,"column":27}},"110":{"start":{"line":323,"column":23},"end":{"line":323,"column":24}},"111":{"start":{"line":325,"column":2},"end":{"line":333,"column":5}},"112":{"start":{"line":326,"column":4},"end":{"line":329,"column":5}},"113":{"start":{"line":327,"column":6},"end":{"line":327,"column":42}},"114":{"start":{"line":328,"column":6},"end":{"line":328,"column":23}},"115":{"start":{"line":330,"column":4},"end":{"line":332,"column":5}},"116":{"start":{"line":331,"column":6},"end":{"line":331,"column":46}},"117":{"start":{"line":335,"column":24},"end":{"line":335,"column":93}},"118":{"start":{"line":336,"column":26},"end":{"line":336,"column":97}},"119":{"start":{"line":338,"column":2},"end":{"line":344,"column":4}},"120":{"start":{"line":354,"column":6},"end":{"line":360,"column":4}},"121":{"start":{"line":362,"column":2},"end":{"line":376,"column":4}},"122":{"start":{"line":381,"column":14},"end":{"line":381,"column":24}},"123":{"start":{"line":382,"column":13},"end":{"line":382,"column":15}},"124":{"start":{"line":384,"column":2},"end":{"line":448,"column":3}},"125":{"start":{"line":386,"column":4},"end":{"line":405,"column":5}},"126":{"start":{"line":386,"column":17},"end":{"line":386,"column":18}},"127":{"start":{"line":387,"column":19},"end":{"line":387,"column":32}},"128":{"start":{"line":388,"column":6},"end":{"line":388,"column":39}},"129":{"start":{"line":389,"column":25},"end":{"line":389,"column":86}},"130":{"start":{"line":390,"column":23},"end":{"line":390,"column":75}},"131":{"start":{"line":392,"column":21},"end":{"line":395,"column":8}},"132":{"start":{"line":397,"column":26},"end":{"line":397,"column":92}},"133":{"start":{"line":397,"column":56},"end":{"line":397,"column":88}},"134":{"start":{"line":398,"column":29},"end":{"line":398,"column":96}},"135":{"start":{"line":398,"column":59},"end":{"line":398,"column":92}},"136":{"start":{"line":400,"column":6},"end":{"line":404,"column":9}},"137":{"start":{"line":406,"column":9},"end":{"line":448,"column":3}},"138":{"start":{"line":408,"column":4},"end":{"line":427,"column":5}},"139":{"start":{"line":408,"column":17},"end":{"line":408,"column":18}},"140":{"start":{"line":409,"column":22},"end":{"line":409,"column":35}},"141":{"start":{"line":410,"column":6},"end":{"line":410,"column":51}},"142":{"start":{"line":411,"column":24},"end":{"line":411,"column":41}},"143":{"start":{"line":412,"column":6},"end":{"line":412,"column":49}},"144":{"start":{"line":414,"column":21},"end":{"line":417,"column":8}},"145":{"start":{"line":419,"column":26},"end":{"line":419,"column":92}},"146":{"start":{"line":419,"column":56},"end":{"line":419,"column":88}},"147":{"start":{"line":420,"column":29},"end":{"line":420,"column":96}},"148":{"start":{"line":420,"column":59},"end":{"line":420,"column":92}},"149":{"start":{"line":422,"column":6},"end":{"line":426,"column":9}},"150":{"start":{"line":428,"column":9},"end":{"line":448,"column":3}},"151":{"start":{"line":430,"column":4},"end":{"line":447,"column":5}},"152":{"start":{"line":430,"column":17},"end":{"line":430,"column":18}},"153":{"start":{"line":431,"column":22},"end":{"line":431,"column":76}},"154":{"start":{"line":432,"column":24},"end":{"line":432,"column":74}},"155":{"start":{"line":434,"column":21},"end":{"line":437,"column":8}},"156":{"start":{"line":439,"column":26},"end":{"line":439,"column":92}},"157":{"start":{"line":439,"column":56},"end":{"line":439,"column":88}},"158":{"start":{"line":440,"column":29},"end":{"line":440,"column":96}},"159":{"start":{"line":440,"column":59},"end":{"line":440,"column":92}},"160":{"start":{"line":442,"column":6},"end":{"line":446,"column":9}},"161":{"start":{"line":450,"column":2},"end":{"line":450,"column":14}},"162":{"start":{"line":455,"column":15},"end":{"line":455,"column":85}},"163":{"start":{"line":458,"column":21},"end":{"line":463,"column":3}},"164":{"start":{"line":465,"column":20},"end":{"line":465,"column":21}},"165":{"start":{"line":468,"column":2},"end":{"line":482,"column":5}},"166":{"start":{"line":469,"column":20},"end":{"line":469,"column":50}},"167":{"start":{"line":471,"column":28},"end":{"line":473,"column":9}},"168":{"start":{"line":475,"column":4},"end":{"line":481,"column":5}},"169":{"start":{"line":476,"column":6},"end":{"line":476,"column":52}},"170":{"start":{"line":477,"column":6},"end":{"line":477,"column":37}},"171":{"start":{"line":479,"column":6},"end":{"line":479,"column":60}},"172":{"start":{"line":480,"column":6},"end":{"line":480,"column":37}},"173":{"start":{"line":485,"column":23},"end":{"line":490,"column":5}},"174":{"start":{"line":485,"column":62},"end":{"line":490,"column":3}},"175":{"start":{"line":493,"column":2},"end":{"line":493,"column":45}},"176":{"start":{"line":497,"column":17},"end":{"line":500,"column":14}},"177":{"start":{"line":502,"column":2},"end":{"line":519,"column":5}},"178":{"start":{"line":504,"column":25},"end":{"line":504,"column":26}},"179":{"start":{"line":505,"column":4},"end":{"line":507,"column":5}},"180":{"start":{"line":506,"column":6},"end":{"line":506,"column":103}},"181":{"start":{"line":509,"column":4},"end":{"line":518,"column":6}},"182":{"start":{"line":524,"column":15},"end":{"line":524,"column":31}},"183":{"start":{"line":527,"column":29},"end":{"line":532,"column":3}},"184":{"start":{"line":535,"column":27},"end":{"line":540,"column":3}},"185":{"start":{"line":543,"column":21},"end":{"line":549,"column":3}},"186":{"start":{"line":552,"column":24},"end":{"line":554,"column":4}},"187":{"start":{"line":555,"column":27},"end":{"line":555,"column":94}},"188":{"start":{"line":558,"column":25},"end":{"line":560,"column":4}},"189":{"start":{"line":561,"column":30},"end":{"line":563,"column":7}},"190":{"start":{"line":565,"column":2},"end":{"line":591,"column":4}},"191":{"start":{"line":566,"column":68},"end":{"line":571,"column":5}},"192":{"start":{"line":572,"column":64},"end":{"line":577,"column":5}},"193":{"start":{"line":578,"column":52},"end":{"line":583,"column":5}},"194":{"start":{"line":596,"column":16},"end":{"line":596,"column":33}},"195":{"start":{"line":599,"column":27},"end":{"line":603,"column":3}},"196":{"start":{"line":606,"column":25},"end":{"line":609,"column":3}},"197":{"start":{"line":612,"column":24},"end":{"line":616,"column":3}},"198":{"start":{"line":619,"column":23},"end":{"line":619,"column":33}},"199":{"start":{"line":620,"column":2},"end":{"line":620,"column":53}},"200":{"start":{"line":622,"column":21},"end":{"line":634,"column":4}},"201":{"start":{"line":636,"column":2},"end":{"line":665,"column":4}},"202":{"start":{"line":637,"column":64},"end":{"line":642,"column":5}},"203":{"start":{"line":643,"column":60},"end":{"line":648,"column":5}},"204":{"start":{"line":649,"column":58},"end":{"line":654,"column":5}},"205":{"start":{"line":655,"column":40},"end":{"line":658,"column":5}},"206":{"start":{"line":670,"column":15},"end":{"line":670,"column":31}},"207":{"start":{"line":673,"column":21},"end":{"line":673,"column":23}},"208":{"start":{"line":674,"column":2},"end":{"line":694,"column":5}},"209":{"start":{"line":675,"column":17},"end":{"line":675,"column":41}},"210":{"start":{"line":676,"column":4},"end":{"line":686,"column":5}},"211":{"start":{"line":677,"column":6},"end":{"line":685,"column":8}},"212":{"start":{"line":687,"column":4},"end":{"line":687,"column":32}},"213":{"start":{"line":688,"column":4},"end":{"line":688,"column":56}},"214":{"start":{"line":689,"column":4},"end":{"line":689,"column":52}},"215":{"start":{"line":690,"column":4},"end":{"line":690,"column":51}},"216":{"start":{"line":691,"column":4},"end":{"line":693,"column":5}},"217":{"start":{"line":692,"column":6},"end":{"line":692,"column":34}},"218":{"start":{"line":697,"column":24},"end":{"line":716,"column":44}},"219":{"start":{"line":698,"column":20},"end":{"line":700,"column":9}},"220":{"start":{"line":699,"column":46},"end":{"line":699,"column":51}},"221":{"start":{"line":701,"column":24},"end":{"line":703,"column":9}},"222":{"start":{"line":705,"column":4},"end":{"line":715,"column":6}},"223":{"start":{"line":716,"column":20},"end":{"line":716,"column":43}},"224":{"start":{"line":718,"column":2},"end":{"line":718,"column":23}}},"fnMap":{"0":{"name":"(anonymous_0)","decl":{"start":{"line":11,"column":23},"end":{"line":11,"column":24}},"loc":{"start":{"line":11,"column":43},"end":{"line":45,"column":1}},"line":11},"1":{"name":"(anonymous_1)","decl":{"start":{"line":48,"column":18},"end":{"line":48,"column":19}},"loc":{"start":{"line":48,"column":38},"end":{"line":63,"column":1}},"line":48},"2":{"name":"(anonymous_2)","decl":{"start":{"line":66,"column":30},"end":{"line":66,"column":31}},"loc":{"start":{"line":66,"column":50},"end":{"line":82,"column":1}},"line":66},"3":{"name":"(anonymous_3)","decl":{"start":{"line":85,"column":31},"end":{"line":85,"column":32}},"loc":{"start":{"line":85,"column":51},"end":{"line":100,"column":1}},"line":85},"4":{"name":"(anonymous_4)","decl":{"start":{"line":103,"column":30},"end":{"line":103,"column":31}},"loc":{"start":{"line":103,"column":50},"end":{"line":118,"column":1}},"line":103},"5":{"name":"(anonymous_5)","decl":{"start":{"line":121,"column":26},"end":{"line":121,"column":27}},"loc":{"start":{"line":121,"column":46},"end":{"line":136,"column":1}},"line":121},"6":{"name":"(anonymous_6)","decl":{"start":{"line":139,"column":31},"end":{"line":139,"column":32}},"loc":{"start":{"line":139,"column":51},"end":{"line":154,"column":1}},"line":139},"7":{"name":"(anonymous_7)","decl":{"start":{"line":157,"column":27},"end":{"line":157,"column":28}},"loc":{"start":{"line":157,"column":47},"end":{"line":172,"column":1}},"line":157},"8":{"name":"getUserAnalytics","decl":{"start":{"line":176,"column":15},"end":{"line":176,"column":31}},"loc":{"start":{"line":176,"column":34},"end":{"line":197,"column":1}},"line":176},"9":{"name":"getRouteAnalytics","decl":{"start":{"line":199,"column":15},"end":{"line":199,"column":32}},"loc":{"start":{"line":199,"column":35},"end":{"line":230,"column":1}},"line":199},"10":{"name":"(anonymous_10)","decl":{"start":{"line":215,"column":53},"end":{"line":215,"column":54}},"loc":{"start":{"line":215,"column":69},"end":{"line":218,"column":5}},"line":215},"11":{"name":"getBinAnalytics","decl":{"start":{"line":232,"column":15},"end":{"line":232,"column":30}},"loc":{"start":{"line":232,"column":33},"end":{"line":264,"column":1}},"line":232},"12":{"name":"(anonymous_12)","decl":{"start":{"line":243,"column":52},"end":{"line":243,"column":53}},"loc":{"start":{"line":243,"column":66},"end":{"line":243,"column":85}},"line":243},"13":{"name":"(anonymous_13)","decl":{"start":{"line":259,"column":27},"end":{"line":259,"column":28}},"loc":{"start":{"line":259,"column":36},"end":{"line":262,"column":5}},"line":259},"14":{"name":"getCollectionAnalytics","decl":{"start":{"line":266,"column":15},"end":{"line":266,"column":37}},"loc":{"start":{"line":266,"column":40},"end":{"line":316,"column":1}},"line":266},"15":{"name":"(anonymous_15)","decl":{"start":{"line":275,"column":26},"end":{"line":275,"column":27}},"loc":{"start":{"line":275,"column":35},"end":{"line":279,"column":3}},"line":275},"16":{"name":"getPerformanceAnalytics","decl":{"start":{"line":318,"column":15},"end":{"line":318,"column":38}},"loc":{"start":{"line":318,"column":41},"end":{"line":345,"column":1}},"line":318},"17":{"name":"(anonymous_17)","decl":{"start":{"line":325,"column":17},"end":{"line":325,"column":18}},"loc":{"start":{"line":325,"column":26},"end":{"line":333,"column":3}},"line":325},"18":{"name":"calculateKPIs","decl":{"start":{"line":347,"column":15},"end":{"line":347,"column":28}},"loc":{"start":{"line":347,"column":31},"end":{"line":377,"column":1}},"line":347},"19":{"name":"getCollectionTrendsData","decl":{"start":{"line":379,"column":15},"end":{"line":379,"column":38}},"loc":{"start":{"line":379,"column":47},"end":{"line":451,"column":1}},"line":379},"20":{"name":"(anonymous_20)","decl":{"start":{"line":397,"column":40},"end":{"line":397,"column":41}},"loc":{"start":{"line":397,"column":56},"end":{"line":397,"column":88}},"line":397},"21":{"name":"(anonymous_21)","decl":{"start":{"line":398,"column":43},"end":{"line":398,"column":44}},"loc":{"start":{"line":398,"column":59},"end":{"line":398,"column":92}},"line":398},"22":{"name":"(anonymous_22)","decl":{"start":{"line":419,"column":40},"end":{"line":419,"column":41}},"loc":{"start":{"line":419,"column":56},"end":{"line":419,"column":88}},"line":419},"23":{"name":"(anonymous_23)","decl":{"start":{"line":420,"column":43},"end":{"line":420,"column":44}},"loc":{"start":{"line":420,"column":59},"end":{"line":420,"column":92}},"line":420},"24":{"name":"(anonymous_24)","decl":{"start":{"line":439,"column":40},"end":{"line":439,"column":41}},"loc":{"start":{"line":439,"column":56},"end":{"line":439,"column":88}},"line":439},"25":{"name":"(anonymous_25)","decl":{"start":{"line":440,"column":43},"end":{"line":440,"column":44}},"loc":{"start":{"line":440,"column":59},"end":{"line":440,"column":92}},"line":440},"26":{"name":"getWasteDistributionData","decl":{"start":{"line":453,"column":15},"end":{"line":453,"column":39}},"loc":{"start":{"line":453,"column":42},"end":{"line":494,"column":1}},"line":453},"27":{"name":"(anonymous_27)","decl":{"start":{"line":468,"column":15},"end":{"line":468,"column":16}},"loc":{"start":{"line":468,"column":22},"end":{"line":482,"column":3}},"line":468},"28":{"name":"(anonymous_28)","decl":{"start":{"line":485,"column":53},"end":{"line":485,"column":54}},"loc":{"start":{"line":485,"column":62},"end":{"line":490,"column":3}},"line":485},"29":{"name":"getRoutePerformanceData","decl":{"start":{"line":496,"column":15},"end":{"line":496,"column":38}},"loc":{"start":{"line":496,"column":41},"end":{"line":520,"column":1}},"line":496},"30":{"name":"(anonymous_30)","decl":{"start":{"line":502,"column":20},"end":{"line":502,"column":21}},"loc":{"start":{"line":502,"column":29},"end":{"line":519,"column":3}},"line":502},"31":{"name":"getBinAnalyticsData","decl":{"start":{"line":523,"column":15},"end":{"line":523,"column":34}},"loc":{"start":{"line":523,"column":37},"end":{"line":592,"column":1}},"line":523},"32":{"name":"(anonymous_32)","decl":{"start":{"line":566,"column":60},"end":{"line":566,"column":61}},"loc":{"start":{"line":566,"column":68},"end":{"line":571,"column":5}},"line":566},"33":{"name":"(anonymous_33)","decl":{"start":{"line":572,"column":56},"end":{"line":572,"column":57}},"loc":{"start":{"line":572,"column":64},"end":{"line":577,"column":5}},"line":572},"34":{"name":"(anonymous_34)","decl":{"start":{"line":578,"column":44},"end":{"line":578,"column":45}},"loc":{"start":{"line":578,"column":52},"end":{"line":583,"column":5}},"line":578},"35":{"name":"getUserAnalyticsDetailed","decl":{"start":{"line":595,"column":15},"end":{"line":595,"column":39}},"loc":{"start":{"line":595,"column":42},"end":{"line":666,"column":1}},"line":595},"36":{"name":"(anonymous_36)","decl":{"start":{"line":637,"column":56},"end":{"line":637,"column":57}},"loc":{"start":{"line":637,"column":64},"end":{"line":642,"column":5}},"line":637},"37":{"name":"(anonymous_37)","decl":{"start":{"line":643,"column":52},"end":{"line":643,"column":53}},"loc":{"start":{"line":643,"column":60},"end":{"line":648,"column":5}},"line":643},"38":{"name":"(anonymous_38)","decl":{"start":{"line":649,"column":50},"end":{"line":649,"column":51}},"loc":{"start":{"line":649,"column":58},"end":{"line":654,"column":5}},"line":649},"39":{"name":"(anonymous_39)","decl":{"start":{"line":655,"column":31},"end":{"line":655,"column":32}},"loc":{"start":{"line":655,"column":40},"end":{"line":658,"column":5}},"line":655},"40":{"name":"getZoneAnalyticsData","decl":{"start":{"line":669,"column":15},"end":{"line":669,"column":35}},"loc":{"start":{"line":669,"column":38},"end":{"line":719,"column":1}},"line":669},"41":{"name":"(anonymous_41)","decl":{"start":{"line":674,"column":15},"end":{"line":674,"column":16}},"loc":{"start":{"line":674,"column":22},"end":{"line":694,"column":3}},"line":674},"42":{"name":"(anonymous_42)","decl":{"start":{"line":697,"column":54},"end":{"line":697,"column":55}},"loc":{"start":{"line":697,"column":71},"end":{"line":716,"column":3}},"line":697},"43":{"name":"(anonymous_43)","decl":{"start":{"line":699,"column":36},"end":{"line":699,"column":37}},"loc":{"start":{"line":699,"column":46},"end":{"line":699,"column":51}},"line":699},"44":{"name":"(anonymous_44)","decl":{"start":{"line":716,"column":10},"end":{"line":716,"column":11}},"loc":{"start":{"line":716,"column":20},"end":{"line":716,"column":43}},"line":716}},"branchMap":{"0":{"loc":{"start":{"line":68,"column":12},"end":{"line":68,"column":29}},"type":"default-arg","locations":[{"start":{"line":68,"column":21},"end":{"line":68,"column":29}}],"line":68},"1":{"loc":{"start":{"line":214,"column":2},"end":{"line":220,"column":3}},"type":"if","locations":[{"start":{"line":214,"column":2},"end":{"line":220,"column":3}},{"start":{},"end":{}}],"line":214},"2":{"loc":{"start":{"line":242,"column":2},"end":{"line":245,"column":3}},"type":"if","locations":[{"start":{"line":242,"column":2},"end":{"line":245,"column":3}},{"start":{},"end":{}}],"line":242},"3":{"loc":{"start":{"line":276,"column":4},"end":{"line":276,"column":69}},"type":"if","locations":[{"start":{"line":276,"column":4},"end":{"line":276,"column":69}},{"start":{},"end":{}}],"line":276},"4":{"loc":{"start":{"line":277,"column":4},"end":{"line":277,"column":74}},"type":"if","locations":[{"start":{"line":277,"column":4},"end":{"line":277,"column":74}},{"start":{},"end":{}}],"line":277},"5":{"loc":{"start":{"line":278,"column":4},"end":{"line":278,"column":72}},"type":"if","locations":[{"start":{"line":278,"column":4},"end":{"line":278,"column":72}},{"start":{},"end":{}}],"line":278},"6":{"loc":{"start":{"line":282,"column":24},"end":{"line":284,"column":7}},"type":"cond-expr","locations":[{"start":{"line":283,"column":6},"end":{"line":283,"column":63}},{"start":{"line":284,"column":6},"end":{"line":284,"column":7}}],"line":282},"7":{"loc":{"start":{"line":311,"column":27},"end":{"line":311,"column":104}},"type":"cond-expr","locations":[{"start":{"line":311,"column":50},"end":{"line":311,"column":100}},{"start":{"line":311,"column":103},"end":{"line":311,"column":104}}],"line":311},"8":{"loc":{"start":{"line":326,"column":4},"end":{"line":329,"column":5}},"type":"if","locations":[{"start":{"line":326,"column":4},"end":{"line":329,"column":5}},{"start":{},"end":{}}],"line":326},"9":{"loc":{"start":{"line":330,"column":4},"end":{"line":332,"column":5}},"type":"if","locations":[{"start":{"line":330,"column":4},"end":{"line":332,"column":5}},{"start":{},"end":{}}],"line":330},"10":{"loc":{"start":{"line":335,"column":24},"end":{"line":335,"column":93}},"type":"cond-expr","locations":[{"start":{"line":335,"column":45},"end":{"line":335,"column":89}},{"start":{"line":335,"column":92},"end":{"line":335,"column":93}}],"line":335},"11":{"loc":{"start":{"line":336,"column":26},"end":{"line":336,"column":97}},"type":"cond-expr","locations":[{"start":{"line":336,"column":47},"end":{"line":336,"column":93}},{"start":{"line":336,"column":96},"end":{"line":336,"column":97}}],"line":336},"12":{"loc":{"start":{"line":384,"column":2},"end":{"line":448,"column":3}},"type":"if","locations":[{"start":{"line":384,"column":2},"end":{"line":448,"column":3}},{"start":{"line":406,"column":9},"end":{"line":448,"column":3}}],"line":384},"13":{"loc":{"start":{"line":397,"column":63},"end":{"line":397,"column":87}},"type":"binary-expr","locations":[{"start":{"line":397,"column":63},"end":{"line":397,"column":82}},{"start":{"line":397,"column":86},"end":{"line":397,"column":87}}],"line":397},"14":{"loc":{"start":{"line":398,"column":66},"end":{"line":398,"column":91}},"type":"binary-expr","locations":[{"start":{"line":398,"column":66},"end":{"line":398,"column":86}},{"start":{"line":398,"column":90},"end":{"line":398,"column":91}}],"line":398},"15":{"loc":{"start":{"line":406,"column":9},"end":{"line":448,"column":3}},"type":"if","locations":[{"start":{"line":406,"column":9},"end":{"line":448,"column":3}},{"start":{"line":428,"column":9},"end":{"line":448,"column":3}}],"line":406},"16":{"loc":{"start":{"line":419,"column":63},"end":{"line":419,"column":87}},"type":"binary-expr","locations":[{"start":{"line":419,"column":63},"end":{"line":419,"column":82}},{"start":{"line":419,"column":86},"end":{"line":419,"column":87}}],"line":419},"17":{"loc":{"start":{"line":420,"column":66},"end":{"line":420,"column":91}},"type":"binary-expr","locations":[{"start":{"line":420,"column":66},"end":{"line":420,"column":86}},{"start":{"line":420,"column":90},"end":{"line":420,"column":91}}],"line":420},"18":{"loc":{"start":{"line":428,"column":9},"end":{"line":448,"column":3}},"type":"if","locations":[{"start":{"line":428,"column":9},"end":{"line":448,"column":3}},{"start":{},"end":{}}],"line":428},"19":{"loc":{"start":{"line":439,"column":63},"end":{"line":439,"column":87}},"type":"binary-expr","locations":[{"start":{"line":439,"column":63},"end":{"line":439,"column":82}},{"start":{"line":439,"column":86},"end":{"line":439,"column":87}}],"line":439},"20":{"loc":{"start":{"line":440,"column":66},"end":{"line":440,"column":91}},"type":"binary-expr","locations":[{"start":{"line":440,"column":66},"end":{"line":440,"column":86}},{"start":{"line":440,"column":90},"end":{"line":440,"column":91}}],"line":440},"21":{"loc":{"start":{"line":469,"column":20},"end":{"line":469,"column":50}},"type":"binary-expr","locations":[{"start":{"line":469,"column":20},"end":{"line":469,"column":31}},{"start":{"line":469,"column":35},"end":{"line":469,"column":50}}],"line":469},"22":{"loc":{"start":{"line":471,"column":28},"end":{"line":473,"column":9}},"type":"cond-expr","locations":[{"start":{"line":472,"column":8},"end":{"line":472,"column":44}},{"start":{"line":473,"column":8},"end":{"line":473,"column":9}}],"line":471},"23":{"loc":{"start":{"line":471,"column":28},"end":{"line":471,"column":57}},"type":"binary-expr","locations":[{"start":{"line":471,"column":28},"end":{"line":471,"column":41}},{"start":{"line":471,"column":45},"end":{"line":471,"column":57}}],"line":471},"24":{"loc":{"start":{"line":475,"column":4},"end":{"line":481,"column":5}},"type":"if","locations":[{"start":{"line":475,"column":4},"end":{"line":481,"column":5}},{"start":{"line":478,"column":11},"end":{"line":481,"column":5}}],"line":475},"25":{"loc":{"start":{"line":488,"column":16},"end":{"line":488,"column":83}},"type":"cond-expr","locations":[{"start":{"line":488,"column":34},"end":{"line":488,"column":79}},{"start":{"line":488,"column":82},"end":{"line":488,"column":83}}],"line":488},"26":{"loc":{"start":{"line":493,"column":9},"end":{"line":493,"column":44}},"type":"cond-expr","locations":[{"start":{"line":493,"column":27},"end":{"line":493,"column":39}},{"start":{"line":493,"column":42},"end":{"line":493,"column":44}}],"line":493},"27":{"loc":{"start":{"line":505,"column":4},"end":{"line":507,"column":5}},"type":"if","locations":[{"start":{"line":505,"column":4},"end":{"line":507,"column":5}},{"start":{},"end":{}}],"line":505},"28":{"loc":{"start":{"line":505,"column":8},"end":{"line":505,"column":40}},"type":"binary-expr","locations":[{"start":{"line":505,"column":8},"end":{"line":505,"column":23}},{"start":{"line":505,"column":27},"end":{"line":505,"column":40}}],"line":505},"29":{"loc":{"start":{"line":512,"column":17},"end":{"line":512,"column":111}},"type":"cond-expr","locations":[{"start":{"line":512,"column":36},"end":{"line":512,"column":96}},{"start":{"line":512,"column":99},"end":{"line":512,"column":111}}],"line":512},"30":{"loc":{"start":{"line":513,"column":18},"end":{"line":513,"column":39}},"type":"binary-expr","locations":[{"start":{"line":513,"column":18},"end":{"line":513,"column":34}},{"start":{"line":513,"column":38},"end":{"line":513,"column":39}}],"line":513},"31":{"loc":{"start":{"line":514,"column":20},"end":{"line":514,"column":43}},"type":"binary-expr","locations":[{"start":{"line":514,"column":20},"end":{"line":514,"column":38}},{"start":{"line":514,"column":42},"end":{"line":514,"column":43}}],"line":514},"32":{"loc":{"start":{"line":515,"column":22},"end":{"line":515,"column":41}},"type":"binary-expr","locations":[{"start":{"line":515,"column":22},"end":{"line":515,"column":36}},{"start":{"line":515,"column":40},"end":{"line":515,"column":41}}],"line":515},"33":{"loc":{"start":{"line":516,"column":21},"end":{"line":516,"column":45}},"type":"binary-expr","locations":[{"start":{"line":516,"column":21},"end":{"line":516,"column":40}},{"start":{"line":516,"column":44},"end":{"line":516,"column":45}}],"line":516},"34":{"loc":{"start":{"line":517,"column":22},"end":{"line":517,"column":47}},"type":"binary-expr","locations":[{"start":{"line":517,"column":22},"end":{"line":517,"column":42}},{"start":{"line":517,"column":46},"end":{"line":517,"column":47}}],"line":517},"35":{"loc":{"start":{"line":555,"column":27},"end":{"line":555,"column":94}},"type":"cond-expr","locations":[{"start":{"line":555,"column":54},"end":{"line":555,"column":90}},{"start":{"line":555,"column":93},"end":{"line":555,"column":94}}],"line":555},"36":{"loc":{"start":{"line":561,"column":30},"end":{"line":563,"column":7}},"type":"cond-expr","locations":[{"start":{"line":562,"column":6},"end":{"line":562,"column":89}},{"start":{"line":563,"column":6},"end":{"line":563,"column":7}}],"line":561},"37":{"loc":{"start":{"line":570,"column":13},"end":{"line":570,"column":118}},"type":"cond-expr","locations":[{"start":{"line":570,"column":32},"end":{"line":570,"column":41}},{"start":{"line":570,"column":44},"end":{"line":570,"column":118}}],"line":570},"38":{"loc":{"start":{"line":570,"column":44},"end":{"line":570,"column":118}},"type":"cond-expr","locations":[{"start":{"line":570,"column":61},"end":{"line":570,"column":70}},{"start":{"line":570,"column":73},"end":{"line":570,"column":118}}],"line":570},"39":{"loc":{"start":{"line":570,"column":73},"end":{"line":570,"column":118}},"type":"cond-expr","locations":[{"start":{"line":570,"column":97},"end":{"line":570,"column":106}},{"start":{"line":570,"column":109},"end":{"line":570,"column":118}}],"line":570},"40":{"loc":{"start":{"line":576,"column":13},"end":{"line":576,"column":127}},"type":"cond-expr","locations":[{"start":{"line":576,"column":33},"end":{"line":576,"column":42}},{"start":{"line":576,"column":45},"end":{"line":576,"column":127}}],"line":576},"41":{"loc":{"start":{"line":576,"column":45},"end":{"line":576,"column":127}},"type":"cond-expr","locations":[{"start":{"line":576,"column":68},"end":{"line":576,"column":77}},{"start":{"line":576,"column":80},"end":{"line":576,"column":127}}],"line":576},"42":{"loc":{"start":{"line":576,"column":80},"end":{"line":576,"column":127}},"type":"cond-expr","locations":[{"start":{"line":576,"column":106},"end":{"line":576,"column":115}},{"start":{"line":576,"column":118},"end":{"line":576,"column":127}}],"line":576},"43":{"loc":{"start":{"line":582,"column":13},"end":{"line":582,"column":140}},"type":"cond-expr","locations":[{"start":{"line":582,"column":31},"end":{"line":582,"column":40}},{"start":{"line":582,"column":43},"end":{"line":582,"column":140}}],"line":582},"44":{"loc":{"start":{"line":582,"column":43},"end":{"line":582,"column":140}},"type":"cond-expr","locations":[{"start":{"line":582,"column":59},"end":{"line":582,"column":68}},{"start":{"line":582,"column":71},"end":{"line":582,"column":140}}],"line":582},"45":{"loc":{"start":{"line":582,"column":71},"end":{"line":582,"column":140}},"type":"cond-expr","locations":[{"start":{"line":582,"column":90},"end":{"line":582,"column":99}},{"start":{"line":582,"column":102},"end":{"line":582,"column":140}}],"line":582},"46":{"loc":{"start":{"line":582,"column":102},"end":{"line":582,"column":140}},"type":"cond-expr","locations":[{"start":{"line":582,"column":119},"end":{"line":582,"column":128}},{"start":{"line":582,"column":131},"end":{"line":582,"column":140}}],"line":582},"47":{"loc":{"start":{"line":641,"column":13},"end":{"line":641,"column":86}},"type":"cond-expr","locations":[{"start":{"line":641,"column":31},"end":{"line":641,"column":40}},{"start":{"line":641,"column":43},"end":{"line":641,"column":86}}],"line":641},"48":{"loc":{"start":{"line":641,"column":43},"end":{"line":641,"column":86}},"type":"cond-expr","locations":[{"start":{"line":641,"column":65},"end":{"line":641,"column":74}},{"start":{"line":641,"column":77},"end":{"line":641,"column":86}}],"line":641},"49":{"loc":{"start":{"line":647,"column":13},"end":{"line":647,"column":53}},"type":"cond-expr","locations":[{"start":{"line":647,"column":32},"end":{"line":647,"column":41}},{"start":{"line":647,"column":44},"end":{"line":647,"column":53}}],"line":647},"50":{"loc":{"start":{"line":653,"column":13},"end":{"line":653,"column":87}},"type":"cond-expr","locations":[{"start":{"line":653,"column":32},"end":{"line":653,"column":41}},{"start":{"line":653,"column":44},"end":{"line":653,"column":87}}],"line":653},"51":{"loc":{"start":{"line":653,"column":44},"end":{"line":653,"column":87}},"type":"cond-expr","locations":[{"start":{"line":653,"column":66},"end":{"line":653,"column":75}},{"start":{"line":653,"column":78},"end":{"line":653,"column":87}}],"line":653},"52":{"loc":{"start":{"line":675,"column":17},"end":{"line":675,"column":41}},"type":"binary-expr","locations":[{"start":{"line":675,"column":17},"end":{"line":675,"column":25}},{"start":{"line":675,"column":29},"end":{"line":675,"column":41}}],"line":675},"53":{"loc":{"start":{"line":676,"column":4},"end":{"line":686,"column":5}},"type":"if","locations":[{"start":{"line":676,"column":4},"end":{"line":686,"column":5}},{"start":{},"end":{}}],"line":676},"54":{"loc":{"start":{"line":688,"column":38},"end":{"line":688,"column":55}},"type":"binary-expr","locations":[{"start":{"line":688,"column":38},"end":{"line":688,"column":50}},{"start":{"line":688,"column":54},"end":{"line":688,"column":55}}],"line":688},"55":{"loc":{"start":{"line":689,"column":36},"end":{"line":689,"column":51}},"type":"binary-expr","locations":[{"start":{"line":689,"column":36},"end":{"line":689,"column":46}},{"start":{"line":689,"column":50},"end":{"line":689,"column":51}}],"line":689},"56":{"loc":{"start":{"line":690,"column":31},"end":{"line":690,"column":49}},"type":"binary-expr","locations":[{"start":{"line":690,"column":31},"end":{"line":690,"column":44}},{"start":{"line":690,"column":48},"end":{"line":690,"column":49}}],"line":690},"57":{"loc":{"start":{"line":691,"column":4},"end":{"line":693,"column":5}},"type":"if","locations":[{"start":{"line":691,"column":4},"end":{"line":693,"column":5}},{"start":{},"end":{}}],"line":691},"58":{"loc":{"start":{"line":691,"column":8},"end":{"line":691,"column":52}},"type":"binary-expr","locations":[{"start":{"line":691,"column":8},"end":{"line":691,"column":29}},{"start":{"line":691,"column":33},"end":{"line":691,"column":52}}],"line":691},"59":{"loc":{"start":{"line":698,"column":20},"end":{"line":700,"column":9}},"type":"cond-expr","locations":[{"start":{"line":699,"column":8},"end":{"line":699,"column":75}},{"start":{"line":700,"column":8},"end":{"line":700,"column":9}}],"line":698},"60":{"loc":{"start":{"line":701,"column":24},"end":{"line":703,"column":9}},"type":"cond-expr","locations":[{"start":{"line":702,"column":8},"end":{"line":702,"column":65}},{"start":{"line":703,"column":8},"end":{"line":703,"column":9}}],"line":701}},"s":{"0":1,"1":1,"2":1,"3":1,"4":0,"5":0,"6":0,"7":0,"8":0,"9":1,"10":1,"11":1,"12":0,"13":1,"14":1,"15":1,"16":0,"17":0,"18":0,"19":0,"20":0,"21":0,"22":1,"23":2,"24":2,"25":2,"26":0,"27":0,"28":1,"29":1,"30":1,"31":1,"32":0,"33":0,"34":1,"35":2,"36":2,"37":2,"38":0,"39":0,"40":1,"41":2,"42":2,"43":2,"44":0,"45":0,"46":1,"47":2,"48":2,"49":2,"50":0,"51":0,"52":1,"53":0,"54":0,"55":0,"56":0,"57":0,"58":0,"59":0,"60":1,"61":1,"62":1,"63":1,"64":1,"65":1,"66":1,"67":1,"68":0,"69":0,"70":0,"71":0,"72":1,"73":1,"74":1,"75":1,"76":1,"77":1,"78":1,"79":1,"80":1,"81":1,"82":4,"83":1,"84":1,"85":1,"86":1,"87":1,"88":1,"89":1,"90":1,"91":1,"92":0,"93":0,"94":0,"95":0,"96":0,"97":0,"98":0,"99":0,"100":0,"101":0,"102":0,"103":0,"104":0,"105":0,"106":0,"107":1,"108":1,"109":1,"110":1,"111":1,"112":0,"113":0,"114":0,"115":0,"116":0,"117":0,"118":0,"119":0,"120":1,"121":0,"122":0,"123":0,"124":0,"125":0,"126":0,"127":0,"128":0,"129":0,"130":0,"131":0,"132":0,"133":0,"134":0,"135":0,"136":0,"137":0,"138":0,"139":0,"140":0,"141":0,"142":0,"143":0,"144":0,"145":0,"146":0,"147":0,"148":0,"149":0,"150":0,"151":0,"152":0,"153":0,"154":0,"155":0,"156":0,"157":0,"158":0,"159":0,"160":0,"161":0,"162":2,"163":2,"164":2,"165":2,"166":8,"167":8,"168":8,"169":8,"170":8,"171":0,"172":0,"173":2,"174":8,"175":2,"176":1,"177":1,"178":1,"179":1,"180":1,"181":1,"182":2,"183":2,"184":2,"185":2,"186":2,"187":2,"188":2,"189":2,"190":2,"191":8,"192":8,"193":10,"194":2,"195":2,"196":2,"197":2,"198":2,"199":2,"200":2,"201":2,"202":6,"203":4,"204":6,"205":0,"206":2,"207":2,"208":2,"209":8,"210":8,"211":4,"212":8,"213":8,"214":8,"215":8,"216":8,"217":2,"218":2,"219":4,"220":8,"221":4,"222":4,"223":2,"224":2},"f":{"0":0,"1":1,"2":0,"3":2,"4":1,"5":2,"6":2,"7":2,"8":1,"9":1,"10":0,"11":1,"12":4,"13":1,"14":1,"15":0,"16":1,"17":0,"18":1,"19":0,"20":0,"21":0,"22":0,"23":0,"24":0,"25":0,"26":2,"27":8,"28":8,"29":1,"30":1,"31":2,"32":8,"33":8,"34":10,"35":2,"36":6,"37":4,"38":6,"39":0,"40":2,"41":8,"42":4,"43":8,"44":2},"b":{"0":[0],"1":[0,1],"2":[1,0],"3":[0,0],"4":[0,0],"5":[0,0],"6":[0,0],"7":[0,0],"8":[0,0],"9":[0,0],"10":[0,0],"11":[0,0],"12":[0,0],"13":[0,0],"14":[0,0],"15":[0,0],"16":[0,0],"17":[0,0],"18":[0,0],"19":[0,0],"20":[0,0],"21":[8,0],"22":[8,0],"23":[8,8],"24":[8,0],"25":[8,0],"26":[2,0],"27":[1,0],"28":[1,1],"29":[1,0],"30":[1,0],"31":[1,0],"32":[1,0],"33":[1,0],"34":[1,0],"35":[2,0],"36":[2,0],"37":[2,6],"38":[2,4],"39":[2,2],"40":[2,6],"41":[2,4],"42":[2,2],"43":[2,8],"44":[2,6],"45":[2,4],"46":[2,2],"47":[2,4],"48":[2,2],"49":[2,2],"50":[2,4],"51":[2,2],"52":[8,0],"53":[4,4],"54":[8,0],"55":[8,0],"56":[8,0],"57":[2,6],"58":[8,6],"59":[4,0],"60":[4,0]},"_coverageSchema":"1a1c01bbd47fc00a2c39e90264f33305004495a9","hash":"5501028a45df09b3cf2e65b3f1e69d07acb6dd9b"}
,"/Users/pramodwijenayake/Desktop/Smart-Waste-Management-System-App/backend/models/Bin.js": {"path":"/Users/pramodwijenayake/Desktop/Smart-Waste-Management-System-App/backend/models/Bin.js","statementMap":{"0":{"start":{"line":1,"column":17},"end":{"line":1,"column":36}},"1":{"start":{"line":3,"column":18},"end":{"line":110,"column":2}},"2":{"start":{"line":113,"column":0},"end":{"line":130,"column":3}},"3":{"start":{"line":115,"column":2},"end":{"line":115,"column":30}},"4":{"start":{"line":118,"column":2},"end":{"line":127,"column":3}},"5":{"start":{"line":119,"column":4},"end":{"line":126,"column":5}},"6":{"start":{"line":120,"column":20},"end":{"line":120,"column":59}},"7":{"start":{"line":121,"column":6},"end":{"line":121,"column":62}},"8":{"start":{"line":122,"column":6},"end":{"line":122,"column":55}},"9":{"start":{"line":124,"column":6},"end":{"line":124,"column":54}},"10":{"start":{"line":125,"column":6},"end":{"line":125,"column":25}},"11":{"start":{"line":129,"column":2},"end":{"line":129,"column":9}},"12":{"start":{"line":133,"column":0},"end":{"line":135,"column":3}},"13":{"start":{"line":134,"column":2},"end":{"line":134,"column":30}},"14":{"start":{"line":138,"column":0},"end":{"line":140,"column":3}},"15":{"start":{"line":139,"column":2},"end":{"line":139,"column":56}},"16":{"start":{"line":143,"column":0},"end":{"line":143,"column":44}},"17":{"start":{"line":144,"column":0},"end":{"line":144,"column":46}},"18":{"start":{"line":146,"column":0},"end":{"line":146,"column":50}}},"fnMap":{"0":{"name":"(anonymous_0)","decl":{"start":{"line":113,"column":22},"end":{"line":113,"column":23}},"loc":{"start":{"line":113,"column":43},"end":{"line":130,"column":1}},"line":113},"1":{"name":"(anonymous_1)","decl":{"start":{"line":133,"column":38},"end":{"line":133,"column":39}},"loc":{"start":{"line":133,"column":49},"end":{"line":135,"column":1}},"line":133},"2":{"name":"(anonymous_2)","decl":{"start":{"line":138,"column":41},"end":{"line":138,"column":42}},"loc":{"start":{"line":138,"column":52},"end":{"line":140,"column":1}},"line":138}},"branchMap":{"0":{"loc":{"start":{"line":118,"column":2},"end":{"line":127,"column":3}},"type":"if","locations":[{"start":{"line":118,"column":2},"end":{"line":127,"column":3}},{"start":{},"end":{}}],"line":118},"1":{"loc":{"start":{"line":139,"column":9},"end":{"line":139,"column":55}},"type":"binary-expr","locations":[{"start":{"line":139,"column":9},"end":{"line":139,"column":29}},{"start":{"line":139,"column":33},"end":{"line":139,"column":55}}],"line":139}},"s":{"0":1,"1":1,"2":1,"3":0,"4":0,"5":0,"6":0,"7":0,"8":0,"9":0,"10":0,"11":0,"12":1,"13":0,"14":1,"15":0,"16":1,"17":1,"18":1},"f":{"0":0,"1":0,"2":0},"b":{"0":[0,0],"1":[0,0]},"_coverageSchema":"1a1c01bbd47fc00a2c39e90264f33305004495a9","hash":"5efb7e29f5f4201a7b53c317ffee7bb9c662f52f"}
,"/Users/pramodwijenayake/Desktop/Smart-Waste-Management-System-App/backend/models/Route.js": {"path":"/Users/pramodwijenayake/Desktop/Smart-Waste-Management-System-App/backend/models/Route.js","statementMap":{"0":{"start":{"line":1,"column":17},"end":{"line":1,"column":36}},"1":{"start":{"line":3,"column":20},"end":{"line":150,"column":2}},"2":{"start":{"line":153,"column":0},"end":{"line":156,"column":3}},"3":{"start":{"line":154,"column":2},"end":{"line":154,"column":30}},"4":{"start":{"line":155,"column":2},"end":{"line":155,"column":9}},"5":{"start":{"line":159,"column":0},"end":{"line":161,"column":3}},"6":{"start":{"line":160,"column":2},"end":{"line":160,"column":26}},"7":{"start":{"line":164,"column":0},"end":{"line":166,"column":3}},"8":{"start":{"line":165,"column":2},"end":{"line":165,"column":64}},"9":{"start":{"line":165,"column":31},"end":{"line":165,"column":55}},"10":{"start":{"line":169,"column":0},"end":{"line":171,"column":3}},"11":{"start":{"line":170,"column":2},"end":{"line":170,"column":62}},"12":{"start":{"line":170,"column":31},"end":{"line":170,"column":53}},"13":{"start":{"line":174,"column":0},"end":{"line":176,"column":3}},"14":{"start":{"line":175,"column":2},"end":{"line":175,"column":62}},"15":{"start":{"line":175,"column":31},"end":{"line":175,"column":53}},"16":{"start":{"line":179,"column":0},"end":{"line":182,"column":3}},"17":{"start":{"line":180,"column":2},"end":{"line":180,"column":39}},"18":{"start":{"line":180,"column":30},"end":{"line":180,"column":39}},"19":{"start":{"line":181,"column":2},"end":{"line":181,"column":65}},"20":{"start":{"line":185,"column":0},"end":{"line":188,"column":3}},"21":{"start":{"line":186,"column":2},"end":{"line":186,"column":43}},"22":{"start":{"line":186,"column":30},"end":{"line":186,"column":43}},"23":{"start":{"line":187,"column":2},"end":{"line":187,"column":82}},"24":{"start":{"line":187,"column":30},"end":{"line":187,"column":80}},"25":{"start":{"line":191,"column":0},"end":{"line":191,"column":46}},"26":{"start":{"line":192,"column":0},"end":{"line":192,"column":48}},"27":{"start":{"line":195,"column":0},"end":{"line":195,"column":51}},"28":{"start":{"line":196,"column":0},"end":{"line":196,"column":48}},"29":{"start":{"line":197,"column":0},"end":{"line":197,"column":36}},"30":{"start":{"line":199,"column":0},"end":{"line":199,"column":54}}},"fnMap":{"0":{"name":"(anonymous_0)","decl":{"start":{"line":153,"column":24},"end":{"line":153,"column":25}},"loc":{"start":{"line":153,"column":39},"end":{"line":156,"column":1}},"line":153},"1":{"name":"(anonymous_1)","decl":{"start":{"line":159,"column":37},"end":{"line":159,"column":38}},"loc":{"start":{"line":159,"column":48},"end":{"line":161,"column":1}},"line":159},"2":{"name":"(anonymous_2)","decl":{"start":{"line":164,"column":41},"end":{"line":164,"column":42}},"loc":{"start":{"line":164,"column":52},"end":{"line":166,"column":1}},"line":164},"3":{"name":"(anonymous_3)","decl":{"start":{"line":165,"column":26},"end":{"line":165,"column":27}},"loc":{"start":{"line":165,"column":31},"end":{"line":165,"column":55}},"line":165},"4":{"name":"(anonymous_4)","decl":{"start":{"line":169,"column":39},"end":{"line":169,"column":40}},"loc":{"start":{"line":169,"column":50},"end":{"line":171,"column":1}},"line":169},"5":{"name":"(anonymous_5)","decl":{"start":{"line":170,"column":26},"end":{"line":170,"column":27}},"loc":{"start":{"line":170,"column":31},"end":{"line":170,"column":53}},"line":170},"6":{"name":"(anonymous_6)","decl":{"start":{"line":174,"column":39},"end":{"line":174,"column":40}},"loc":{"start":{"line":174,"column":50},"end":{"line":176,"column":1}},"line":174},"7":{"name":"(anonymous_7)","decl":{"start":{"line":175,"column":26},"end":{"line":175,"column":27}},"loc":{"start":{"line":175,"column":31},"end":{"line":175,"column":53}},"line":175},"8":{"name":"(anonymous_8)","decl":{"start":{"line":179,"column":36},"end":{"line":179,"column":37}},"loc":{"start":{"line":179,"column":47},"end":{"line":182,"column":1}},"line":179},"9":{"name":"(anonymous_9)","decl":{"start":{"line":185,"column":38},"end":{"line":185,"column":39}},"loc":{"start":{"line":185,"column":49},"end":{"line":188,"column":1}},"line":185},"10":{"name":"(anonymous_10)","decl":{"start":{"line":187,"column":25},"end":{"line":187,"column":26}},"loc":{"start":{"line":187,"column":30},"end":{"line":187,"column":80}},"line":187}},"branchMap":{"0":{"loc":{"start":{"line":180,"column":2},"end":{"line":180,"column":39}},"type":"if","locations":[{"start":{"line":180,"column":2},"end":{"line":180,"column":39}},{"start":{},"end":{}}],"line":180},"1":{"loc":{"start":{"line":186,"column":2},"end":{"line":186,"column":43}},"type":"if","locations":[{"start":{"line":186,"column":2},"end":{"line":186,"column":43}},{"start":{},"end":{}}],"line":186},"2":{"loc":{"start":{"line":187,"column":30},"end":{"line":187,"column":80}},"type":"binary-expr","locations":[{"start":{"line":187,"column":30},"end":{"line":187,"column":54}},{"start":{"line":187,"column":58},"end":{"line":187,"column":80}}],"line":187}},"s":{"0":1,"1":1,"2":1,"3":0,"4":0,"5":1,"6":0,"7":1,"8":0,"9":0,"10":1,"11":0,"12":0,"13":1,"14":0,"15":0,"16":1,"17":0,"18":0,"19":0,"20":1,"21":0,"22":0,"23":0,"24":0,"25":1,"26":1,"27":1,"28":1,"29":1,"30":1},"f":{"0":0,"1":0,"2":0,"3":0,"4":0,"5":0,"6":0,"7":0,"8":0,"9":0,"10":0},"b":{"0":[0,0],"1":[0,0],"2":[0,0]},"_coverageSchema":"1a1c01bbd47fc00a2c39e90264f33305004495a9","hash":"cd64ba508fac8cf12bbed19f79ec2aef6c87a0f2"}
,"/Users/pramodwijenayake/Desktop/Smart-Waste-Management-System-App/backend/models/User.js": {"path":"/Users/pramodwijenayake/Desktop/Smart-Waste-Management-System-App/backend/models/User.js","statementMap":{"0":{"start":{"line":1,"column":17},"end":{"line":1,"column":36}},"1":{"start":{"line":2,"column":15},"end":{"line":2,"column":34}},"2":{"start":{"line":4,"column":19},"end":{"line":108,"column":2}},"3":{"start":{"line":111,"column":0},"end":{"line":117,"column":3}},"4":{"start":{"line":112,"column":2},"end":{"line":114,"column":3}},"5":{"start":{"line":113,"column":4},"end":{"line":113,"column":11}},"6":{"start":{"line":115,"column":15},"end":{"line":115,"column":39}},"7":{"start":{"line":116,"column":2},"end":{"line":116,"column":57}},"8":{"start":{"line":120,"column":0},"end":{"line":123,"column":3}},"9":{"start":{"line":121,"column":2},"end":{"line":121,"column":30}},"10":{"start":{"line":122,"column":2},"end":{"line":122,"column":9}},"11":{"start":{"line":126,"column":0},"end":{"line":128,"column":2}},"12":{"start":{"line":127,"column":2},"end":{"line":127,"column":62}},"13":{"start":{"line":131,"column":0},"end":{"line":134,"column":2}},"14":{"start":{"line":132,"column":2},"end":{"line":132,"column":30}},"15":{"start":{"line":133,"column":2},"end":{"line":133,"column":21}},"16":{"start":{"line":138,"column":0},"end":{"line":144,"column":2}},"17":{"start":{"line":139,"column":22},"end":{"line":139,"column":44}},"18":{"start":{"line":140,"column":23},"end":{"line":140,"column":55}},"19":{"start":{"line":141,"column":2},"end":{"line":141,"column":36}},"20":{"start":{"line":142,"column":2},"end":{"line":142,"column":20}},"21":{"start":{"line":143,"column":2},"end":{"line":143,"column":22}},"22":{"start":{"line":149,"column":0},"end":{"line":162,"column":2}},"23":{"start":{"line":150,"column":2},"end":{"line":152,"column":3}},"24":{"start":{"line":151,"column":4},"end":{"line":151,"column":60}},"25":{"start":{"line":153,"column":2},"end":{"line":155,"column":3}},"26":{"start":{"line":154,"column":4},"end":{"line":154,"column":50}},"27":{"start":{"line":156,"column":2},"end":{"line":156,"column":38}},"28":{"start":{"line":157,"column":2},"end":{"line":157,"column":20}},"29":{"start":{"line":160,"column":19},"end":{"line":160,"column":45}},"30":{"start":{"line":161,"column":2},"end":{"line":161,"column":54}},"31":{"start":{"line":165,"column":0},"end":{"line":167,"column":2}},"32":{"start":{"line":166,"column":2},"end":{"line":166,"column":27}},"33":{"start":{"line":169,"column":0},"end":{"line":169,"column":52}}},"fnMap":{"0":{"name":"(anonymous_0)","decl":{"start":{"line":111,"column":23},"end":{"line":111,"column":24}},"loc":{"start":{"line":111,"column":44},"end":{"line":117,"column":1}},"line":111},"1":{"name":"(anonymous_1)","decl":{"start":{"line":120,"column":23},"end":{"line":120,"column":24}},"loc":{"start":{"line":120,"column":38},"end":{"line":123,"column":1}},"line":120},"2":{"name":"(anonymous_2)","decl":{"start":{"line":126,"column":37},"end":{"line":126,"column":38}},"loc":{"start":{"line":126,"column":69},"end":{"line":128,"column":1}},"line":126},"3":{"name":"(anonymous_3)","decl":{"start":{"line":131,"column":37},"end":{"line":131,"column":38}},"loc":{"start":{"line":131,"column":48},"end":{"line":134,"column":1}},"line":131},"4":{"name":"(anonymous_4)","decl":{"start":{"line":138,"column":32},"end":{"line":138,"column":33}},"loc":{"start":{"line":138,"column":77},"end":{"line":144,"column":1}},"line":138},"5":{"name":"(anonymous_5)","decl":{"start":{"line":149,"column":34},"end":{"line":149,"column":35}},"loc":{"start":{"line":149,"column":65},"end":{"line":162,"column":1}},"line":149},"6":{"name":"(anonymous_6)","decl":{"start":{"line":165,"column":37},"end":{"line":165,"column":38}},"loc":{"start":{"line":165,"column":48},"end":{"line":167,"column":1}},"line":165}},"branchMap":{"0":{"loc":{"start":{"line":112,"column":2},"end":{"line":114,"column":3}},"type":"if","locations":[{"start":{"line":112,"column":2},"end":{"line":114,"column":3}},{"start":{},"end":{}}],"line":112},"1":{"loc":{"start":{"line":138,"column":55},"end":{"line":138,"column":75}},"type":"default-arg","locations":[{"start":{"line":138,"column":70},"end":{"line":138,"column":75}}],"line":138},"2":{"loc":{"start":{"line":139,"column":22},"end":{"line":139,"column":44}},"type":"cond-expr","locations":[{"start":{"line":139,"column":37},"end":{"line":139,"column":39}},{"start":{"line":139,"column":42},"end":{"line":139,"column":44}}],"line":139},"3":{"loc":{"start":{"line":150,"column":2},"end":{"line":152,"column":3}},"type":"if","locations":[{"start":{"line":150,"column":2},"end":{"line":152,"column":3}},{"start":{},"end":{}}],"line":150},"4":{"loc":{"start":{"line":153,"column":2},"end":{"line":155,"column":3}},"type":"if","locations":[{"start":{"line":153,"column":2},"end":{"line":155,"column":3}},{"start":{},"end":{}}],"line":153}},"s":{"0":1,"1":1,"2":1,"3":1,"4":0,"5":0,"6":0,"7":0,"8":1,"9":0,"10":0,"11":1,"12":0,"13":1,"14":0,"15":0,"16":1,"17":0,"18":0,"19":0,"20":0,"21":0,"22":1,"23":0,"24":0,"25":0,"26":0,"27":0,"28":0,"29":0,"30":0,"31":1,"32":0,"33":1},"f":{"0":0,"1":0,"2":0,"3":0,"4":0,"5":0,"6":0},"b":{"0":[0,0],"1":[0],"2":[0,0],"3":[0,0],"4":[0,0]},"_coverageSchema":"1a1c01bbd47fc00a2c39e90264f33305004495a9","hash":"d19f693119bbf4d5d23be9cdad4945a56ec0ffa4"}
}
