{"C:\\Users\\lasit\\OneDrive\\Documents\\Backup\\Smart-Waste-Management-System-App\\backend\\controllers\\routeController.js": {"path":"C:\\Users\\lasit\\OneDrive\\Documents\\Backup\\Smart-Waste-Management-System-App\\backend\\controllers\\routeController.js","statementMap":{"0":{"start":{"line":1,"column":14},"end":{"line":1,"column":40}},"1":{"start":{"line":2,"column":12},"end":{"line":2,"column":36}},"2":{"start":{"line":3,"column":13},"end":{"line":3,"column":38}},"3":{"start":{"line":12,"column":0},"end":{"line":96,"column":2}},"4":{"start":{"line":13,"column":2},"end":{"line":95,"column":3}},"5":{"start":{"line":14,"column":81},"end":{"line":14,"column":89}},"6":{"start":{"line":17,"column":4},"end":{"line":22,"column":5}},"7":{"start":{"line":18,"column":6},"end":{"line":21,"column":9}},"8":{"start":{"line":25,"column":26},"end":{"line":25,"column":60}},"9":{"start":{"line":26,"column":4},"end":{"line":31,"column":5}},"10":{"start":{"line":27,"column":6},"end":{"line":30,"column":9}},"11":{"start":{"line":34,"column":19},"end":{"line":34,"column":41}},"12":{"start":{"line":34,"column":33},"end":{"line":34,"column":40}},"13":{"start":{"line":35,"column":25},"end":{"line":35,"column":65}},"14":{"start":{"line":37,"column":4},"end":{"line":42,"column":5}},"15":{"start":{"line":38,"column":6},"end":{"line":41,"column":9}},"16":{"start":{"line":45,"column":4},"end":{"line":59,"column":5}},"17":{"start":{"line":46,"column":24},"end":{"line":46,"column":55}},"18":{"start":{"line":47,"column":6},"end":{"line":52,"column":7}},"19":{"start":{"line":48,"column":8},"end":{"line":51,"column":11}},"20":{"start":{"line":53,"column":6},"end":{"line":58,"column":7}},"21":{"start":{"line":54,"column":8},"end":{"line":57,"column":11}},"22":{"start":{"line":62,"column":18},"end":{"line":74,"column":6}},"23":{"start":{"line":66,"column":27},"end":{"line":70,"column":7}},"24":{"start":{"line":77,"column":4},"end":{"line":81,"column":7}},"25":{"start":{"line":83,"column":4},"end":{"line":87,"column":7}},"26":{"start":{"line":89,"column":4},"end":{"line":89,"column":48}},"27":{"start":{"line":90,"column":4},"end":{"line":94,"column":7}},"28":{"start":{"line":101,"column":0},"end":{"line":148,"column":2}},"29":{"start":{"line":102,"column":2},"end":{"line":147,"column":3}},"30":{"start":{"line":103,"column":77},"end":{"line":103,"column":86}},"31":{"start":{"line":106,"column":19},"end":{"line":106,"column":21}},"32":{"start":{"line":107,"column":4},"end":{"line":107,"column":39}},"33":{"start":{"line":107,"column":16},"end":{"line":107,"column":39}},"34":{"start":{"line":108,"column":4},"end":{"line":108,"column":51}},"35":{"start":{"line":108,"column":20},"end":{"line":108,"column":51}},"36":{"start":{"line":109,"column":4},"end":{"line":113,"column":5}},"37":{"start":{"line":110,"column":6},"end":{"line":110,"column":32}},"38":{"start":{"line":111,"column":6},"end":{"line":111,"column":69}},"39":{"start":{"line":111,"column":21},"end":{"line":111,"column":69}},"40":{"start":{"line":112,"column":6},"end":{"line":112,"column":65}},"41":{"start":{"line":112,"column":19},"end":{"line":112,"column":65}},"42":{"start":{"line":116,"column":17},"end":{"line":116,"column":35}},"43":{"start":{"line":118,"column":19},"end":{"line":124,"column":49}},"44":{"start":{"line":126,"column":18},"end":{"line":126,"column":52}},"45":{"start":{"line":128,"column":4},"end":{"line":139,"column":7}},"46":{"start":{"line":141,"column":4},"end":{"line":141,"column":50}},"47":{"start":{"line":142,"column":4},"end":{"line":146,"column":7}},"48":{"start":{"line":153,"column":0},"end":{"line":179,"column":2}},"49":{"start":{"line":154,"column":2},"end":{"line":178,"column":3}},"50":{"start":{"line":155,"column":18},"end":{"line":158,"column":27}},"51":{"start":{"line":160,"column":4},"end":{"line":165,"column":5}},"52":{"start":{"line":161,"column":6},"end":{"line":164,"column":9}},"53":{"start":{"line":167,"column":4},"end":{"line":170,"column":7}},"54":{"start":{"line":172,"column":4},"end":{"line":172,"column":51}},"55":{"start":{"line":173,"column":4},"end":{"line":177,"column":7}},"56":{"start":{"line":184,"column":0},"end":{"line":247,"column":2}},"57":{"start":{"line":185,"column":2},"end":{"line":246,"column":3}},"58":{"start":{"line":186,"column":18},"end":{"line":186,"column":53}},"59":{"start":{"line":188,"column":4},"end":{"line":193,"column":5}},"60":{"start":{"line":189,"column":6},"end":{"line":192,"column":9}},"61":{"start":{"line":196,"column":4},"end":{"line":201,"column":5}},"62":{"start":{"line":197,"column":6},"end":{"line":200,"column":9}},"63":{"start":{"line":203,"column":58},"end":{"line":203,"column":66}},"64":{"start":{"line":206,"column":4},"end":{"line":222,"column":5}},"65":{"start":{"line":207,"column":21},"end":{"line":207,"column":43}},"66":{"start":{"line":207,"column":35},"end":{"line":207,"column":42}},"67":{"start":{"line":208,"column":27},"end":{"line":208,"column":67}},"68":{"start":{"line":210,"column":6},"end":{"line":215,"column":7}},"69":{"start":{"line":211,"column":8},"end":{"line":214,"column":11}},"70":{"start":{"line":217,"column":6},"end":{"line":221,"column":10}},"71":{"start":{"line":217,"column":34},"end":{"line":221,"column":7}},"72":{"start":{"line":224,"column":4},"end":{"line":224,"column":59}},"73":{"start":{"line":224,"column":23},"end":{"line":224,"column":59}},"74":{"start":{"line":225,"column":4},"end":{"line":225,"column":59}},"75":{"start":{"line":225,"column":23},"end":{"line":225,"column":59}},"76":{"start":{"line":226,"column":4},"end":{"line":226,"column":49}},"77":{"start":{"line":226,"column":29},"end":{"line":226,"column":49}},"78":{"start":{"line":228,"column":4},"end":{"line":228,"column":23}},"79":{"start":{"line":229,"column":4},"end":{"line":232,"column":7}},"80":{"start":{"line":234,"column":4},"end":{"line":238,"column":7}},"81":{"start":{"line":240,"column":4},"end":{"line":240,"column":48}},"82":{"start":{"line":241,"column":4},"end":{"line":245,"column":7}},"83":{"start":{"line":252,"column":0},"end":{"line":279,"column":2}},"84":{"start":{"line":253,"column":2},"end":{"line":278,"column":3}},"85":{"start":{"line":254,"column":18},"end":{"line":254,"column":53}},"86":{"start":{"line":256,"column":4},"end":{"line":261,"column":5}},"87":{"start":{"line":257,"column":6},"end":{"line":260,"column":9}},"88":{"start":{"line":265,"column":4},"end":{"line":265,"column":28}},"89":{"start":{"line":267,"column":4},"end":{"line":270,"column":7}},"90":{"start":{"line":272,"column":4},"end":{"line":272,"column":48}},"91":{"start":{"line":273,"column":4},"end":{"line":277,"column":7}},"92":{"start":{"line":284,"column":0},"end":{"line":336,"column":2}},"93":{"start":{"line":285,"column":2},"end":{"line":335,"column":3}},"94":{"start":{"line":286,"column":28},"end":{"line":286,"column":36}},"95":{"start":{"line":288,"column":4},"end":{"line":293,"column":5}},"96":{"start":{"line":289,"column":6},"end":{"line":292,"column":9}},"97":{"start":{"line":296,"column":22},"end":{"line":296,"column":54}},"98":{"start":{"line":297,"column":4},"end":{"line":302,"column":5}},"99":{"start":{"line":298,"column":6},"end":{"line":301,"column":9}},"100":{"start":{"line":303,"column":4},"end":{"line":308,"column":5}},"101":{"start":{"line":304,"column":6},"end":{"line":307,"column":9}},"102":{"start":{"line":310,"column":18},"end":{"line":310,"column":53}},"103":{"start":{"line":312,"column":4},"end":{"line":317,"column":5}},"104":{"start":{"line":313,"column":6},"end":{"line":316,"column":9}},"105":{"start":{"line":319,"column":4},"end":{"line":319,"column":35}},"106":{"start":{"line":320,"column":4},"end":{"line":320,"column":23}},"107":{"start":{"line":321,"column":4},"end":{"line":321,"column":84}},"108":{"start":{"line":323,"column":4},"end":{"line":327,"column":7}},"109":{"start":{"line":329,"column":4},"end":{"line":329,"column":52}},"110":{"start":{"line":330,"column":4},"end":{"line":334,"column":7}},"111":{"start":{"line":341,"column":0},"end":{"line":364,"column":2}},"112":{"start":{"line":342,"column":2},"end":{"line":363,"column":3}},"113":{"start":{"line":343,"column":18},"end":{"line":350,"column":5}},"114":{"start":{"line":352,"column":4},"end":{"line":355,"column":7}},"115":{"start":{"line":357,"column":4},"end":{"line":357,"column":51}},"116":{"start":{"line":358,"column":4},"end":{"line":362,"column":7}},"117":{"start":{"line":373,"column":0},"end":{"line":397,"column":2}},"118":{"start":{"line":374,"column":2},"end":{"line":396,"column":3}},"119":{"start":{"line":375,"column":23},"end":{"line":375,"column":32}},"120":{"start":{"line":377,"column":19},"end":{"line":377,"column":46}},"121":{"start":{"line":378,"column":4},"end":{"line":378,"column":39}},"122":{"start":{"line":378,"column":16},"end":{"line":378,"column":39}},"123":{"start":{"line":380,"column":19},"end":{"line":383,"column":51}},"124":{"start":{"line":385,"column":4},"end":{"line":388,"column":7}},"125":{"start":{"line":390,"column":4},"end":{"line":390,"column":49}},"126":{"start":{"line":391,"column":4},"end":{"line":395,"column":7}},"127":{"start":{"line":402,"column":0},"end":{"line":472,"column":2}},"128":{"start":{"line":403,"column":2},"end":{"line":471,"column":3}},"129":{"start":{"line":404,"column":34},"end":{"line":404,"column":42}},"130":{"start":{"line":405,"column":18},"end":{"line":405,"column":53}},"131":{"start":{"line":407,"column":4},"end":{"line":412,"column":5}},"132":{"start":{"line":408,"column":6},"end":{"line":411,"column":9}},"133":{"start":{"line":415,"column":4},"end":{"line":420,"column":5}},"134":{"start":{"line":416,"column":6},"end":{"line":419,"column":9}},"135":{"start":{"line":423,"column":4},"end":{"line":428,"column":5}},"136":{"start":{"line":424,"column":6},"end":{"line":427,"column":9}},"137":{"start":{"line":431,"column":4},"end":{"line":436,"column":5}},"138":{"start":{"line":432,"column":6},"end":{"line":435,"column":9}},"139":{"start":{"line":439,"column":28},"end":{"line":439,"column":88}},"140":{"start":{"line":439,"column":66},"end":{"line":439,"column":87}},"141":{"start":{"line":440,"column":4},"end":{"line":445,"column":5}},"142":{"start":{"line":441,"column":6},"end":{"line":444,"column":9}},"143":{"start":{"line":448,"column":4},"end":{"line":448,"column":33}},"144":{"start":{"line":449,"column":4},"end":{"line":449,"column":33}},"145":{"start":{"line":450,"column":4},"end":{"line":454,"column":6}},"146":{"start":{"line":456,"column":4},"end":{"line":456,"column":23}},"147":{"start":{"line":457,"column":4},"end":{"line":457,"column":37}},"148":{"start":{"line":459,"column":4},"end":{"line":463,"column":7}},"149":{"start":{"line":465,"column":4},"end":{"line":465,"column":47}},"150":{"start":{"line":466,"column":4},"end":{"line":470,"column":7}},"151":{"start":{"line":477,"column":0},"end":{"line":620,"column":2}},"152":{"start":{"line":478,"column":2},"end":{"line":619,"column":3}},"153":{"start":{"line":479,"column":29},"end":{"line":479,"column":37}},"154":{"start":{"line":480,"column":4},"end":{"line":480,"column":90}},"155":{"start":{"line":481,"column":4},"end":{"line":481,"column":46}},"156":{"start":{"line":482,"column":4},"end":{"line":482,"column":81}},"157":{"start":{"line":484,"column":18},"end":{"line":484,"column":53}},"158":{"start":{"line":486,"column":4},"end":{"line":491,"column":5}},"159":{"start":{"line":487,"column":6},"end":{"line":490,"column":9}},"160":{"start":{"line":494,"column":4},"end":{"line":499,"column":5}},"161":{"start":{"line":495,"column":6},"end":{"line":498,"column":9}},"162":{"start":{"line":502,"column":4},"end":{"line":507,"column":5}},"163":{"start":{"line":503,"column":6},"end":{"line":506,"column":9}},"164":{"start":{"line":510,"column":4},"end":{"line":517,"column":5}},"165":{"start":{"line":511,"column":6},"end":{"line":516,"column":7}},"166":{"start":{"line":512,"column":8},"end":{"line":515,"column":11}},"167":{"start":{"line":520,"column":21},"end":{"line":520,"column":85}},"168":{"start":{"line":520,"column":47},"end":{"line":520,"column":84}},"169":{"start":{"line":522,"column":4},"end":{"line":527,"column":5}},"170":{"start":{"line":523,"column":6},"end":{"line":526,"column":9}},"171":{"start":{"line":530,"column":23},"end":{"line":530,"column":59}},"172":{"start":{"line":533,"column":4},"end":{"line":533,"column":46}},"173":{"start":{"line":534,"column":4},"end":{"line":534,"column":50}},"174":{"start":{"line":535,"column":4},"end":{"line":535,"column":70}},"175":{"start":{"line":538,"column":4},"end":{"line":543,"column":5}},"176":{"start":{"line":539,"column":6},"end":{"line":539,"column":55}},"177":{"start":{"line":540,"column":6},"end":{"line":540,"column":93}},"178":{"start":{"line":542,"column":6},"end":{"line":542,"column":98}},"179":{"start":{"line":545,"column":4},"end":{"line":545,"column":23}},"180":{"start":{"line":549,"column":30},"end":{"line":549,"column":31}},"181":{"start":{"line":550,"column":4},"end":{"line":557,"column":5}},"182":{"start":{"line":551,"column":6},"end":{"line":551,"column":83}},"183":{"start":{"line":553,"column":6},"end":{"line":553,"column":76}},"184":{"start":{"line":554,"column":6},"end":{"line":554,"column":118}},"185":{"start":{"line":556,"column":6},"end":{"line":556,"column":73}},"186":{"start":{"line":559,"column":4},"end":{"line":559,"column":115}},"187":{"start":{"line":562,"column":29},"end":{"line":567,"column":5}},"188":{"start":{"line":570,"column":23},"end":{"line":570,"column":24}},"189":{"start":{"line":571,"column":4},"end":{"line":596,"column":5}},"190":{"start":{"line":572,"column":6},"end":{"line":578,"column":8}},"191":{"start":{"line":579,"column":6},"end":{"line":579,"column":89}},"192":{"start":{"line":583,"column":6},"end":{"line":595,"column":7}},"193":{"start":{"line":584,"column":21},"end":{"line":584,"column":46}},"194":{"start":{"line":585,"column":25},"end":{"line":585,"column":62}},"195":{"start":{"line":587,"column":8},"end":{"line":591,"column":9}},"196":{"start":{"line":588,"column":31},"end":{"line":588,"column":66}},"197":{"start":{"line":589,"column":10},"end":{"line":589,"column":79}},"198":{"start":{"line":590,"column":10},"end":{"line":590,"column":178}},"199":{"start":{"line":593,"column":8},"end":{"line":593,"column":61}},"200":{"start":{"line":599,"column":4},"end":{"line":599,"column":68}},"201":{"start":{"line":601,"column":4},"end":{"line":601,"column":37}},"202":{"start":{"line":603,"column":4},"end":{"line":611,"column":7}},"203":{"start":{"line":613,"column":4},"end":{"line":613,"column":47}},"204":{"start":{"line":614,"column":4},"end":{"line":618,"column":7}},"205":{"start":{"line":625,"column":0},"end":{"line":691,"column":2}},"206":{"start":{"line":626,"column":2},"end":{"line":690,"column":3}},"207":{"start":{"line":627,"column":23},"end":{"line":627,"column":31}},"208":{"start":{"line":629,"column":4},"end":{"line":634,"column":5}},"209":{"start":{"line":630,"column":6},"end":{"line":633,"column":9}},"210":{"start":{"line":636,"column":18},"end":{"line":636,"column":53}},"211":{"start":{"line":638,"column":4},"end":{"line":643,"column":5}},"212":{"start":{"line":639,"column":6},"end":{"line":642,"column":9}},"213":{"start":{"line":646,"column":4},"end":{"line":651,"column":5}},"214":{"start":{"line":647,"column":6},"end":{"line":650,"column":9}},"215":{"start":{"line":654,"column":4},"end":{"line":659,"column":5}},"216":{"start":{"line":655,"column":6},"end":{"line":658,"column":9}},"217":{"start":{"line":662,"column":21},"end":{"line":662,"column":85}},"218":{"start":{"line":662,"column":47},"end":{"line":662,"column":84}},"219":{"start":{"line":664,"column":4},"end":{"line":669,"column":5}},"220":{"start":{"line":665,"column":6},"end":{"line":668,"column":9}},"221":{"start":{"line":672,"column":4},"end":{"line":672,"column":44}},"222":{"start":{"line":673,"column":4},"end":{"line":673,"column":40}},"223":{"start":{"line":675,"column":4},"end":{"line":675,"column":23}},"224":{"start":{"line":676,"column":4},"end":{"line":676,"column":37}},"225":{"start":{"line":678,"column":4},"end":{"line":682,"column":7}},"226":{"start":{"line":684,"column":4},"end":{"line":684,"column":44}},"227":{"start":{"line":685,"column":4},"end":{"line":689,"column":7}},"228":{"start":{"line":696,"column":0},"end":{"line":829,"column":2}},"229":{"start":{"line":697,"column":2},"end":{"line":828,"column":3}},"230":{"start":{"line":698,"column":18},"end":{"line":698,"column":53}},"231":{"start":{"line":700,"column":4},"end":{"line":705,"column":5}},"232":{"start":{"line":701,"column":6},"end":{"line":704,"column":9}},"233":{"start":{"line":708,"column":4},"end":{"line":713,"column":5}},"234":{"start":{"line":709,"column":6},"end":{"line":712,"column":9}},"235":{"start":{"line":716,"column":4},"end":{"line":721,"column":5}},"236":{"start":{"line":717,"column":6},"end":{"line":720,"column":9}},"237":{"start":{"line":724,"column":29},"end":{"line":726,"column":5}},"238":{"start":{"line":725,"column":6},"end":{"line":725,"column":56}},"239":{"start":{"line":728,"column":4},"end":{"line":739,"column":5}},"240":{"start":{"line":729,"column":6},"end":{"line":738,"column":9}},"241":{"start":{"line":734,"column":48},"end":{"line":734,"column":72}},"242":{"start":{"line":735,"column":46},"end":{"line":735,"column":68}},"243":{"start":{"line":736,"column":46},"end":{"line":736,"column":68}},"244":{"start":{"line":742,"column":4},"end":{"line":742,"column":37}},"245":{"start":{"line":745,"column":26},"end":{"line":745,"column":74}},"246":{"start":{"line":745,"column":49},"end":{"line":745,"column":73}},"247":{"start":{"line":746,"column":26},"end":{"line":746,"column":46}},"248":{"start":{"line":749,"column":25},"end":{"line":749,"column":26}},"249":{"start":{"line":750,"column":26},"end":{"line":750,"column":27}},"250":{"start":{"line":752,"column":4},"end":{"line":779,"column":7}},"251":{"start":{"line":753,"column":6},"end":{"line":778,"column":7}},"252":{"start":{"line":756,"column":23},"end":{"line":756,"column":24}},"253":{"start":{"line":759,"column":8},"end":{"line":770,"column":9}},"254":{"start":{"line":761,"column":10},"end":{"line":761,"column":42}},"255":{"start":{"line":762,"column":10},"end":{"line":762,"column":91}},"256":{"start":{"line":765,"column":28},"end":{"line":767,"column":35}},"257":{"start":{"line":768,"column":10},"end":{"line":768,"column":62}},"258":{"start":{"line":769,"column":10},"end":{"line":769,"column":139}},"259":{"start":{"line":772,"column":8},"end":{"line":772,"column":35}},"260":{"start":{"line":775,"column":8},"end":{"line":777,"column":9}},"261":{"start":{"line":776,"column":10},"end":{"line":776,"column":38}},"262":{"start":{"line":782,"column":23},"end":{"line":784,"column":9}},"263":{"start":{"line":787,"column":22},"end":{"line":787,"column":60}},"264":{"start":{"line":788,"column":20},"end":{"line":788,"column":30}},"265":{"start":{"line":791,"column":23},"end":{"line":791,"column":42}},"266":{"start":{"line":792,"column":26},"end":{"line":792,"column":62}},"267":{"start":{"line":795,"column":4},"end":{"line":795,"column":31}},"268":{"start":{"line":796,"column":4},"end":{"line":796,"column":32}},"269":{"start":{"line":797,"column":4},"end":{"line":797,"column":28}},"270":{"start":{"line":798,"column":4},"end":{"line":798,"column":32}},"271":{"start":{"line":799,"column":4},"end":{"line":799,"column":40}},"272":{"start":{"line":800,"column":4},"end":{"line":800,"column":40}},"273":{"start":{"line":801,"column":4},"end":{"line":801,"column":54}},"274":{"start":{"line":802,"column":4},"end":{"line":802,"column":56}},"275":{"start":{"line":803,"column":4},"end":{"line":803,"column":34}},"276":{"start":{"line":804,"column":4},"end":{"line":804,"column":27}},"277":{"start":{"line":806,"column":4},"end":{"line":806,"column":23}},"278":{"start":{"line":808,"column":4},"end":{"line":820,"column":7}},"279":{"start":{"line":822,"column":4},"end":{"line":822,"column":50}},"280":{"start":{"line":823,"column":4},"end":{"line":827,"column":7}}},"fnMap":{"0":{"name":"(anonymous_0)","decl":{"start":{"line":12,"column":22},"end":{"line":12,"column":23}},"loc":{"start":{"line":12,"column":42},"end":{"line":96,"column":1}},"line":12},"1":{"name":"(anonymous_1)","decl":{"start":{"line":34,"column":28},"end":{"line":34,"column":29}},"loc":{"start":{"line":34,"column":33},"end":{"line":34,"column":40}},"line":34},"2":{"name":"(anonymous_2)","decl":{"start":{"line":66,"column":21},"end":{"line":66,"column":22}},"loc":{"start":{"line":66,"column":27},"end":{"line":70,"column":7}},"line":66},"3":{"name":"(anonymous_3)","decl":{"start":{"line":101,"column":23},"end":{"line":101,"column":24}},"loc":{"start":{"line":101,"column":43},"end":{"line":148,"column":1}},"line":101},"4":{"name":"(anonymous_4)","decl":{"start":{"line":153,"column":23},"end":{"line":153,"column":24}},"loc":{"start":{"line":153,"column":43},"end":{"line":179,"column":1}},"line":153},"5":{"name":"(anonymous_5)","decl":{"start":{"line":184,"column":22},"end":{"line":184,"column":23}},"loc":{"start":{"line":184,"column":42},"end":{"line":247,"column":1}},"line":184},"6":{"name":"(anonymous_6)","decl":{"start":{"line":207,"column":30},"end":{"line":207,"column":31}},"loc":{"start":{"line":207,"column":35},"end":{"line":207,"column":42}},"line":207},"7":{"name":"(anonymous_7)","decl":{"start":{"line":217,"column":28},"end":{"line":217,"column":29}},"loc":{"start":{"line":217,"column":34},"end":{"line":221,"column":7}},"line":217},"8":{"name":"(anonymous_8)","decl":{"start":{"line":252,"column":22},"end":{"line":252,"column":23}},"loc":{"start":{"line":252,"column":42},"end":{"line":279,"column":1}},"line":252},"9":{"name":"(anonymous_9)","decl":{"start":{"line":284,"column":26},"end":{"line":284,"column":27}},"loc":{"start":{"line":284,"column":46},"end":{"line":336,"column":1}},"line":284},"10":{"name":"(anonymous_10)","decl":{"start":{"line":341,"column":24},"end":{"line":341,"column":25}},"loc":{"start":{"line":341,"column":44},"end":{"line":364,"column":1}},"line":341},"11":{"name":"(anonymous_11)","decl":{"start":{"line":373,"column":22},"end":{"line":373,"column":23}},"loc":{"start":{"line":373,"column":42},"end":{"line":397,"column":1}},"line":373},"12":{"name":"(anonymous_12)","decl":{"start":{"line":402,"column":21},"end":{"line":402,"column":22}},"loc":{"start":{"line":402,"column":41},"end":{"line":472,"column":1}},"line":402},"13":{"name":"(anonymous_13)","decl":{"start":{"line":439,"column":58},"end":{"line":439,"column":59}},"loc":{"start":{"line":439,"column":66},"end":{"line":439,"column":87}},"line":439},"14":{"name":"(anonymous_14)","decl":{"start":{"line":477,"column":21},"end":{"line":477,"column":22}},"loc":{"start":{"line":477,"column":41},"end":{"line":620,"column":1}},"line":477},"15":{"name":"(anonymous_15)","decl":{"start":{"line":520,"column":42},"end":{"line":520,"column":43}},"loc":{"start":{"line":520,"column":47},"end":{"line":520,"column":84}},"line":520},"16":{"name":"(anonymous_16)","decl":{"start":{"line":625,"column":18},"end":{"line":625,"column":19}},"loc":{"start":{"line":625,"column":38},"end":{"line":691,"column":1}},"line":625},"17":{"name":"(anonymous_17)","decl":{"start":{"line":662,"column":42},"end":{"line":662,"column":43}},"loc":{"start":{"line":662,"column":47},"end":{"line":662,"column":84}},"line":662},"18":{"name":"(anonymous_18)","decl":{"start":{"line":696,"column":24},"end":{"line":696,"column":25}},"loc":{"start":{"line":696,"column":44},"end":{"line":829,"column":1}},"line":696},"19":{"name":"(anonymous_19)","decl":{"start":{"line":724,"column":46},"end":{"line":724,"column":47}},"loc":{"start":{"line":725,"column":6},"end":{"line":725,"column":56}},"line":725},"20":{"name":"(anonymous_20)","decl":{"start":{"line":734,"column":43},"end":{"line":734,"column":44}},"loc":{"start":{"line":734,"column":48},"end":{"line":734,"column":72}},"line":734},"21":{"name":"(anonymous_21)","decl":{"start":{"line":735,"column":41},"end":{"line":735,"column":42}},"loc":{"start":{"line":735,"column":46},"end":{"line":735,"column":68}},"line":735},"22":{"name":"(anonymous_22)","decl":{"start":{"line":736,"column":41},"end":{"line":736,"column":42}},"loc":{"start":{"line":736,"column":46},"end":{"line":736,"column":68}},"line":736},"23":{"name":"(anonymous_23)","decl":{"start":{"line":745,"column":44},"end":{"line":745,"column":45}},"loc":{"start":{"line":745,"column":49},"end":{"line":745,"column":73}},"line":745},"24":{"name":"(anonymous_24)","decl":{"start":{"line":752,"column":26},"end":{"line":752,"column":27}},"loc":{"start":{"line":752,"column":37},"end":{"line":779,"column":5}},"line":752}},"branchMap":{"0":{"loc":{"start":{"line":17,"column":4},"end":{"line":22,"column":5}},"type":"if","locations":[{"start":{"line":17,"column":4},"end":{"line":22,"column":5}},{"start":{},"end":{}}],"line":17},"1":{"loc":{"start":{"line":17,"column":8},"end":{"line":17,"column":84}},"type":"binary-expr","locations":[{"start":{"line":17,"column":8},"end":{"line":17,"column":18}},{"start":{"line":17,"column":22},"end":{"line":17,"column":27}},{"start":{"line":17,"column":31},"end":{"line":17,"column":48}},{"start":{"line":17,"column":52},"end":{"line":17,"column":66}},{"start":{"line":17,"column":70},"end":{"line":17,"column":84}}],"line":17},"2":{"loc":{"start":{"line":26,"column":4},"end":{"line":31,"column":5}},"type":"if","locations":[{"start":{"line":26,"column":4},"end":{"line":31,"column":5}},{"start":{},"end":{}}],"line":26},"3":{"loc":{"start":{"line":37,"column":4},"end":{"line":42,"column":5}},"type":"if","locations":[{"start":{"line":37,"column":4},"end":{"line":42,"column":5}},{"start":{},"end":{}}],"line":37},"4":{"loc":{"start":{"line":45,"column":4},"end":{"line":59,"column":5}},"type":"if","locations":[{"start":{"line":45,"column":4},"end":{"line":59,"column":5}},{"start":{},"end":{}}],"line":45},"5":{"loc":{"start":{"line":47,"column":6},"end":{"line":52,"column":7}},"type":"if","locations":[{"start":{"line":47,"column":6},"end":{"line":52,"column":7}},{"start":{},"end":{}}],"line":47},"6":{"loc":{"start":{"line":53,"column":6},"end":{"line":58,"column":7}},"type":"if","locations":[{"start":{"line":53,"column":6},"end":{"line":58,"column":7}},{"start":{},"end":{}}],"line":53},"7":{"loc":{"start":{"line":65,"column":18},"end":{"line":65,"column":36}},"type":"binary-expr","locations":[{"start":{"line":65,"column":18},"end":{"line":65,"column":28}},{"start":{"line":65,"column":32},"end":{"line":65,"column":36}}],"line":65},"8":{"loc":{"start":{"line":73,"column":13},"end":{"line":73,"column":24}},"type":"binary-expr","locations":[{"start":{"line":73,"column":13},"end":{"line":73,"column":18}},{"start":{"line":73,"column":22},"end":{"line":73,"column":24}}],"line":73},"9":{"loc":{"start":{"line":103,"column":12},"end":{"line":103,"column":20}},"type":"default-arg","locations":[{"start":{"line":103,"column":19},"end":{"line":103,"column":20}}],"line":103},"10":{"loc":{"start":{"line":103,"column":22},"end":{"line":103,"column":32}},"type":"default-arg","locations":[{"start":{"line":103,"column":30},"end":{"line":103,"column":32}}],"line":103},"11":{"loc":{"start":{"line":107,"column":4},"end":{"line":107,"column":39}},"type":"if","locations":[{"start":{"line":107,"column":4},"end":{"line":107,"column":39}},{"start":{},"end":{}}],"line":107},"12":{"loc":{"start":{"line":108,"column":4},"end":{"line":108,"column":51}},"type":"if","locations":[{"start":{"line":108,"column":4},"end":{"line":108,"column":51}},{"start":{},"end":{}}],"line":108},"13":{"loc":{"start":{"line":109,"column":4},"end":{"line":113,"column":5}},"type":"if","locations":[{"start":{"line":109,"column":4},"end":{"line":113,"column":5}},{"start":{},"end":{}}],"line":109},"14":{"loc":{"start":{"line":109,"column":8},"end":{"line":109,"column":28}},"type":"binary-expr","locations":[{"start":{"line":109,"column":8},"end":{"line":109,"column":17}},{"start":{"line":109,"column":21},"end":{"line":109,"column":28}}],"line":109},"15":{"loc":{"start":{"line":111,"column":6},"end":{"line":111,"column":69}},"type":"if","locations":[{"start":{"line":111,"column":6},"end":{"line":111,"column":69}},{"start":{},"end":{}}],"line":111},"16":{"loc":{"start":{"line":112,"column":6},"end":{"line":112,"column":65}},"type":"if","locations":[{"start":{"line":112,"column":6},"end":{"line":112,"column":65}},{"start":{},"end":{}}],"line":112},"17":{"loc":{"start":{"line":160,"column":4},"end":{"line":165,"column":5}},"type":"if","locations":[{"start":{"line":160,"column":4},"end":{"line":165,"column":5}},{"start":{},"end":{}}],"line":160},"18":{"loc":{"start":{"line":188,"column":4},"end":{"line":193,"column":5}},"type":"if","locations":[{"start":{"line":188,"column":4},"end":{"line":193,"column":5}},{"start":{},"end":{}}],"line":188},"19":{"loc":{"start":{"line":196,"column":4},"end":{"line":201,"column":5}},"type":"if","locations":[{"start":{"line":196,"column":4},"end":{"line":201,"column":5}},{"start":{},"end":{}}],"line":196},"20":{"loc":{"start":{"line":206,"column":4},"end":{"line":222,"column":5}},"type":"if","locations":[{"start":{"line":206,"column":4},"end":{"line":222,"column":5}},{"start":{},"end":{}}],"line":206},"21":{"loc":{"start":{"line":210,"column":6},"end":{"line":215,"column":7}},"type":"if","locations":[{"start":{"line":210,"column":6},"end":{"line":215,"column":7}},{"start":{},"end":{}}],"line":210},"22":{"loc":{"start":{"line":224,"column":4},"end":{"line":224,"column":59}},"type":"if","locations":[{"start":{"line":224,"column":4},"end":{"line":224,"column":59}},{"start":{},"end":{}}],"line":224},"23":{"loc":{"start":{"line":225,"column":4},"end":{"line":225,"column":59}},"type":"if","locations":[{"start":{"line":225,"column":4},"end":{"line":225,"column":59}},{"start":{},"end":{}}],"line":225},"24":{"loc":{"start":{"line":226,"column":4},"end":{"line":226,"column":49}},"type":"if","locations":[{"start":{"line":226,"column":4},"end":{"line":226,"column":49}},{"start":{},"end":{}}],"line":226},"25":{"loc":{"start":{"line":256,"column":4},"end":{"line":261,"column":5}},"type":"if","locations":[{"start":{"line":256,"column":4},"end":{"line":261,"column":5}},{"start":{},"end":{}}],"line":256},"26":{"loc":{"start":{"line":288,"column":4},"end":{"line":293,"column":5}},"type":"if","locations":[{"start":{"line":288,"column":4},"end":{"line":293,"column":5}},{"start":{},"end":{}}],"line":288},"27":{"loc":{"start":{"line":297,"column":4},"end":{"line":302,"column":5}},"type":"if","locations":[{"start":{"line":297,"column":4},"end":{"line":302,"column":5}},{"start":{},"end":{}}],"line":297},"28":{"loc":{"start":{"line":303,"column":4},"end":{"line":308,"column":5}},"type":"if","locations":[{"start":{"line":303,"column":4},"end":{"line":308,"column":5}},{"start":{},"end":{}}],"line":303},"29":{"loc":{"start":{"line":312,"column":4},"end":{"line":317,"column":5}},"type":"if","locations":[{"start":{"line":312,"column":4},"end":{"line":317,"column":5}},{"start":{},"end":{}}],"line":312},"30":{"loc":{"start":{"line":378,"column":4},"end":{"line":378,"column":39}},"type":"if","locations":[{"start":{"line":378,"column":4},"end":{"line":378,"column":39}},{"start":{},"end":{}}],"line":378},"31":{"loc":{"start":{"line":407,"column":4},"end":{"line":412,"column":5}},"type":"if","locations":[{"start":{"line":407,"column":4},"end":{"line":412,"column":5}},{"start":{},"end":{}}],"line":407},"32":{"loc":{"start":{"line":415,"column":4},"end":{"line":420,"column":5}},"type":"if","locations":[{"start":{"line":415,"column":4},"end":{"line":420,"column":5}},{"start":{},"end":{}}],"line":415},"33":{"loc":{"start":{"line":415,"column":8},"end":{"line":415,"column":72}},"type":"binary-expr","locations":[{"start":{"line":415,"column":8},"end":{"line":415,"column":25}},{"start":{"line":415,"column":29},"end":{"line":415,"column":72}}],"line":415},"34":{"loc":{"start":{"line":423,"column":4},"end":{"line":428,"column":5}},"type":"if","locations":[{"start":{"line":423,"column":4},"end":{"line":428,"column":5}},{"start":{},"end":{}}],"line":423},"35":{"loc":{"start":{"line":431,"column":4},"end":{"line":436,"column":5}},"type":"if","locations":[{"start":{"line":431,"column":4},"end":{"line":436,"column":5}},{"start":{},"end":{}}],"line":431},"36":{"loc":{"start":{"line":431,"column":8},"end":{"line":431,"column":97}},"type":"binary-expr","locations":[{"start":{"line":431,"column":8},"end":{"line":431,"column":26}},{"start":{"line":431,"column":30},"end":{"line":431,"column":54}},{"start":{"line":431,"column":58},"end":{"line":431,"column":97}}],"line":431},"37":{"loc":{"start":{"line":440,"column":4},"end":{"line":445,"column":5}},"type":"if","locations":[{"start":{"line":440,"column":4},"end":{"line":445,"column":5}},{"start":{},"end":{}}],"line":440},"38":{"loc":{"start":{"line":452,"column":19},"end":{"line":452,"column":62}},"type":"binary-expr","locations":[{"start":{"line":452,"column":19},"end":{"line":452,"column":48}},{"start":{"line":452,"column":52},"end":{"line":452,"column":62}}],"line":452},"39":{"loc":{"start":{"line":486,"column":4},"end":{"line":491,"column":5}},"type":"if","locations":[{"start":{"line":486,"column":4},"end":{"line":491,"column":5}},{"start":{},"end":{}}],"line":486},"40":{"loc":{"start":{"line":494,"column":4},"end":{"line":499,"column":5}},"type":"if","locations":[{"start":{"line":494,"column":4},"end":{"line":499,"column":5}},{"start":{},"end":{}}],"line":494},"41":{"loc":{"start":{"line":494,"column":8},"end":{"line":494,"column":72}},"type":"binary-expr","locations":[{"start":{"line":494,"column":8},"end":{"line":494,"column":25}},{"start":{"line":494,"column":29},"end":{"line":494,"column":72}}],"line":494},"42":{"loc":{"start":{"line":502,"column":4},"end":{"line":507,"column":5}},"type":"if","locations":[{"start":{"line":502,"column":4},"end":{"line":507,"column":5}},{"start":{},"end":{}}],"line":502},"43":{"loc":{"start":{"line":510,"column":4},"end":{"line":517,"column":5}},"type":"if","locations":[{"start":{"line":510,"column":4},"end":{"line":517,"column":5}},{"start":{},"end":{}}],"line":510},"44":{"loc":{"start":{"line":511,"column":6},"end":{"line":516,"column":7}},"type":"if","locations":[{"start":{"line":511,"column":6},"end":{"line":516,"column":7}},{"start":{},"end":{}}],"line":511},"45":{"loc":{"start":{"line":511,"column":10},"end":{"line":511,"column":62}},"type":"binary-expr","locations":[{"start":{"line":511,"column":10},"end":{"line":511,"column":42}},{"start":{"line":511,"column":46},"end":{"line":511,"column":62}}],"line":511},"46":{"loc":{"start":{"line":522,"column":4},"end":{"line":527,"column":5}},"type":"if","locations":[{"start":{"line":522,"column":4},"end":{"line":527,"column":5}},{"start":{},"end":{}}],"line":522},"47":{"loc":{"start":{"line":538,"column":4},"end":{"line":543,"column":5}},"type":"if","locations":[{"start":{"line":538,"column":4},"end":{"line":543,"column":5}},{"start":{"line":541,"column":11},"end":{"line":543,"column":5}}],"line":538},"48":{"loc":{"start":{"line":538,"column":8},"end":{"line":538,"column":59}},"type":"binary-expr","locations":[{"start":{"line":538,"column":8},"end":{"line":538,"column":34}},{"start":{"line":538,"column":38},"end":{"line":538,"column":59}}],"line":538},"49":{"loc":{"start":{"line":550,"column":4},"end":{"line":557,"column":5}},"type":"if","locations":[{"start":{"line":550,"column":4},"end":{"line":557,"column":5}},{"start":{"line":555,"column":11},"end":{"line":557,"column":5}}],"line":550},"50":{"loc":{"start":{"line":550,"column":8},"end":{"line":550,"column":59}},"type":"binary-expr","locations":[{"start":{"line":550,"column":8},"end":{"line":550,"column":34}},{"start":{"line":550,"column":38},"end":{"line":550,"column":59}}],"line":550},"51":{"loc":{"start":{"line":564,"column":14},"end":{"line":564,"column":31}},"type":"binary-expr","locations":[{"start":{"line":564,"column":14},"end":{"line":564,"column":26}},{"start":{"line":564,"column":30},"end":{"line":564,"column":31}}],"line":564},"52":{"loc":{"start":{"line":571,"column":4},"end":{"line":596,"column":5}},"type":"if","locations":[{"start":{"line":571,"column":4},"end":{"line":596,"column":5}},{"start":{},"end":{}}],"line":571},"53":{"loc":{"start":{"line":571,"column":8},"end":{"line":571,"column":60}},"type":"binary-expr","locations":[{"start":{"line":571,"column":8},"end":{"line":571,"column":24}},{"start":{"line":571,"column":28},"end":{"line":571,"column":40}},{"start":{"line":571,"column":44},"end":{"line":571,"column":60}}],"line":571},"54":{"loc":{"start":{"line":576,"column":16},"end":{"line":576,"column":33}},"type":"binary-expr","locations":[{"start":{"line":576,"column":16},"end":{"line":576,"column":28}},{"start":{"line":576,"column":32},"end":{"line":576,"column":33}}],"line":576},"55":{"loc":{"start":{"line":587,"column":8},"end":{"line":591,"column":9}},"type":"if","locations":[{"start":{"line":587,"column":8},"end":{"line":591,"column":9}},{"start":{},"end":{}}],"line":587},"56":{"loc":{"start":{"line":590,"column":134},"end":{"line":590,"column":173}},"type":"cond-expr","locations":[{"start":{"line":590,"column":149},"end":{"line":590,"column":161}},{"start":{"line":590,"column":164},"end":{"line":590,"column":173}}],"line":590},"57":{"loc":{"start":{"line":608,"column":25},"end":{"line":608,"column":42}},"type":"binary-expr","locations":[{"start":{"line":608,"column":25},"end":{"line":608,"column":37}},{"start":{"line":608,"column":41},"end":{"line":608,"column":42}}],"line":608},"58":{"loc":{"start":{"line":629,"column":4},"end":{"line":634,"column":5}},"type":"if","locations":[{"start":{"line":629,"column":4},"end":{"line":634,"column":5}},{"start":{},"end":{}}],"line":629},"59":{"loc":{"start":{"line":638,"column":4},"end":{"line":643,"column":5}},"type":"if","locations":[{"start":{"line":638,"column":4},"end":{"line":643,"column":5}},{"start":{},"end":{}}],"line":638},"60":{"loc":{"start":{"line":646,"column":4},"end":{"line":651,"column":5}},"type":"if","locations":[{"start":{"line":646,"column":4},"end":{"line":651,"column":5}},{"start":{},"end":{}}],"line":646},"61":{"loc":{"start":{"line":646,"column":8},"end":{"line":646,"column":72}},"type":"binary-expr","locations":[{"start":{"line":646,"column":8},"end":{"line":646,"column":25}},{"start":{"line":646,"column":29},"end":{"line":646,"column":72}}],"line":646},"62":{"loc":{"start":{"line":654,"column":4},"end":{"line":659,"column":5}},"type":"if","locations":[{"start":{"line":654,"column":4},"end":{"line":659,"column":5}},{"start":{},"end":{}}],"line":654},"63":{"loc":{"start":{"line":664,"column":4},"end":{"line":669,"column":5}},"type":"if","locations":[{"start":{"line":664,"column":4},"end":{"line":669,"column":5}},{"start":{},"end":{}}],"line":664},"64":{"loc":{"start":{"line":700,"column":4},"end":{"line":705,"column":5}},"type":"if","locations":[{"start":{"line":700,"column":4},"end":{"line":705,"column":5}},{"start":{},"end":{}}],"line":700},"65":{"loc":{"start":{"line":708,"column":4},"end":{"line":713,"column":5}},"type":"if","locations":[{"start":{"line":708,"column":4},"end":{"line":713,"column":5}},{"start":{},"end":{}}],"line":708},"66":{"loc":{"start":{"line":708,"column":8},"end":{"line":708,"column":72}},"type":"binary-expr","locations":[{"start":{"line":708,"column":8},"end":{"line":708,"column":25}},{"start":{"line":708,"column":29},"end":{"line":708,"column":72}}],"line":708},"67":{"loc":{"start":{"line":716,"column":4},"end":{"line":721,"column":5}},"type":"if","locations":[{"start":{"line":716,"column":4},"end":{"line":721,"column":5}},{"start":{},"end":{}}],"line":716},"68":{"loc":{"start":{"line":725,"column":6},"end":{"line":725,"column":56}},"type":"binary-expr","locations":[{"start":{"line":725,"column":6},"end":{"line":725,"column":30}},{"start":{"line":725,"column":34},"end":{"line":725,"column":56}}],"line":725},"69":{"loc":{"start":{"line":728,"column":4},"end":{"line":739,"column":5}},"type":"if","locations":[{"start":{"line":728,"column":4},"end":{"line":739,"column":5}},{"start":{},"end":{}}],"line":728},"70":{"loc":{"start":{"line":753,"column":6},"end":{"line":778,"column":7}},"type":"if","locations":[{"start":{"line":753,"column":6},"end":{"line":778,"column":7}},{"start":{},"end":{}}],"line":753},"71":{"loc":{"start":{"line":759,"column":8},"end":{"line":770,"column":9}},"type":"if","locations":[{"start":{"line":759,"column":8},"end":{"line":770,"column":9}},{"start":{"line":763,"column":15},"end":{"line":770,"column":9}}],"line":759},"72":{"loc":{"start":{"line":759,"column":12},"end":{"line":759,"column":79}},"type":"binary-expr","locations":[{"start":{"line":759,"column":12},"end":{"line":759,"column":46}},{"start":{"line":759,"column":50},"end":{"line":759,"column":79}}],"line":759},"73":{"loc":{"start":{"line":765,"column":28},"end":{"line":767,"column":35}},"type":"cond-expr","locations":[{"start":{"line":766,"column":14},"end":{"line":766,"column":43}},{"start":{"line":767,"column":14},"end":{"line":767,"column":35}}],"line":765},"74":{"loc":{"start":{"line":775,"column":8},"end":{"line":777,"column":9}},"type":"if","locations":[{"start":{"line":775,"column":8},"end":{"line":777,"column":9}},{"start":{},"end":{}}],"line":775},"75":{"loc":{"start":{"line":782,"column":23},"end":{"line":784,"column":9}},"type":"cond-expr","locations":[{"start":{"line":783,"column":8},"end":{"line":783,"column":61}},{"start":{"line":784,"column":8},"end":{"line":784,"column":9}}],"line":782},"76":{"loc":{"start":{"line":787,"column":22},"end":{"line":787,"column":60}},"type":"binary-expr","locations":[{"start":{"line":787,"column":22},"end":{"line":787,"column":37}},{"start":{"line":787,"column":41},"end":{"line":787,"column":60}}],"line":787}},"s":{"0":1,"1":1,"2":1,"3":1,"4":7,"5":7,"6":7,"7":4,"8":3,"9":3,"10":0,"11":3,"12":4,"13":3,"14":3,"15":0,"16":3,"17":1,"18":1,"19":0,"20":1,"21":0,"22":3,"23":4,"24":3,"25":3,"26":0,"27":0,"28":1,"29":2,"30":2,"31":2,"32":2,"33":1,"34":2,"35":0,"36":2,"37":0,"38":0,"39":0,"40":0,"41":0,"42":2,"43":2,"44":2,"45":2,"46":0,"47":0,"48":1,"49":0,"50":0,"51":0,"52":0,"53":0,"54":0,"55":0,"56":1,"57":2,"58":2,"59":2,"60":0,"61":2,"62":1,"63":1,"64":1,"65":0,"66":0,"67":0,"68":0,"69":0,"70":0,"71":0,"72":1,"73":1,"74":1,"75":1,"76":1,"77":0,"78":1,"79":1,"80":1,"81":0,"82":0,"83":1,"84":0,"85":0,"86":0,"87":0,"88":0,"89":0,"90":0,"91":0,"92":1,"93":0,"94":0,"95":0,"96":0,"97":0,"98":0,"99":0,"100":0,"101":0,"102":0,"103":0,"104":0,"105":0,"106":0,"107":0,"108":0,"109":0,"110":0,"111":1,"112":0,"113":0,"114":0,"115":0,"116":0,"117":1,"118":0,"119":0,"120":0,"121":0,"122":0,"123":0,"124":0,"125":0,"126":0,"127":1,"128":0,"129":0,"130":0,"131":0,"132":0,"133":0,"134":0,"135":0,"136":0,"137":0,"138":0,"139":0,"140":0,"141":0,"142":0,"143":0,"144":0,"145":0,"146":0,"147":0,"148":0,"149":0,"150":0,"151":1,"152":0,"153":0,"154":0,"155":0,"156":0,"157":0,"158":0,"159":0,"160":0,"161":0,"162":0,"163":0,"164":0,"165":0,"166":0,"167":0,"168":0,"169":0,"170":0,"171":0,"172":0,"173":0,"174":0,"175":0,"176":0,"177":0,"178":0,"179":0,"180":0,"181":0,"182":0,"183":0,"184":0,"185":0,"186":0,"187":0,"188":0,"189":0,"190":0,"191":0,"192":0,"193":0,"194":0,"195":0,"196":0,"197":0,"198":0,"199":0,"200":0,"201":0,"202":0,"203":0,"204":0,"205":1,"206":0,"207":0,"208":0,"209":0,"210":0,"211":0,"212":0,"213":0,"214":0,"215":0,"216":0,"217":0,"218":0,"219":0,"220":0,"221":0,"222":0,"223":0,"224":0,"225":0,"226":0,"227":0,"228":1,"229":0,"230":0,"231":0,"232":0,"233":0,"234":0,"235":0,"236":0,"237":0,"238":0,"239":0,"240":0,"241":0,"242":0,"243":0,"244":0,"245":0,"246":0,"247":0,"248":0,"249":0,"250":0,"251":0,"252":0,"253":0,"254":0,"255":0,"256":0,"257":0,"258":0,"259":0,"260":0,"261":0,"262":0,"263":0,"264":0,"265":0,"266":0,"267":0,"268":0,"269":0,"270":0,"271":0,"272":0,"273":0,"274":0,"275":0,"276":0,"277":0,"278":0,"279":0,"280":0},"f":{"0":7,"1":4,"2":4,"3":2,"4":0,"5":2,"6":0,"7":0,"8":0,"9":0,"10":0,"11":0,"12":0,"13":0,"14":0,"15":0,"16":0,"17":0,"18":0,"19":0,"20":0,"21":0,"22":0,"23":0,"24":0},"b":{"0":[4,3],"1":[7,6,6,3,3],"2":[0,3],"3":[0,3],"4":[1,2],"5":[0,1],"6":[0,1],"7":[3,2],"8":[3,2],"9":[2],"10":[2],"11":[1,1],"12":[0,2],"13":[0,2],"14":[2,2],"15":[0,0],"16":[0,0],"17":[0,0],"18":[0,2],"19":[1,1],"20":[0,1],"21":[0,0],"22":[1,0],"23":[1,0],"24":[0,1],"25":[0,0],"26":[0,0],"27":[0,0],"28":[0,0],"29":[0,0],"30":[0,0],"31":[0,0],"32":[0,0],"33":[0,0],"34":[0,0],"35":[0,0],"36":[0,0,0],"37":[0,0],"38":[0,0],"39":[0,0],"40":[0,0],"41":[0,0],"42":[0,0],"43":[0,0],"44":[0,0],"45":[0,0],"46":[0,0],"47":[0,0],"48":[0,0],"49":[0,0],"50":[0,0],"51":[0,0],"52":[0,0],"53":[0,0,0],"54":[0,0],"55":[0,0],"56":[0,0],"57":[0,0],"58":[0,0],"59":[0,0],"60":[0,0],"61":[0,0],"62":[0,0],"63":[0,0],"64":[0,0],"65":[0,0],"66":[0,0],"67":[0,0],"68":[0,0],"69":[0,0],"70":[0,0],"71":[0,0],"72":[0,0],"73":[0,0],"74":[0,0],"75":[0,0],"76":[0,0]},"_coverageSchema":"1a1c01bbd47fc00a2c39e90264f33305004495a9","hash":"da19f60fc4a61ae4d612f5d138d227cc70343063"}
,"C:\\Users\\lasit\\OneDrive\\Documents\\Backup\\Smart-Waste-Management-System-App\\backend\\models\\Bin.js": {"path":"C:\\Users\\lasit\\OneDrive\\Documents\\Backup\\Smart-Waste-Management-System-App\\backend\\models\\Bin.js","statementMap":{"0":{"start":{"line":1,"column":17},"end":{"line":1,"column":36}},"1":{"start":{"line":3,"column":18},"end":{"line":110,"column":2}},"2":{"start":{"line":113,"column":0},"end":{"line":130,"column":3}},"3":{"start":{"line":115,"column":2},"end":{"line":115,"column":30}},"4":{"start":{"line":118,"column":2},"end":{"line":127,"column":3}},"5":{"start":{"line":119,"column":4},"end":{"line":126,"column":5}},"6":{"start":{"line":120,"column":20},"end":{"line":120,"column":59}},"7":{"start":{"line":121,"column":6},"end":{"line":121,"column":62}},"8":{"start":{"line":122,"column":6},"end":{"line":122,"column":55}},"9":{"start":{"line":124,"column":6},"end":{"line":124,"column":54}},"10":{"start":{"line":125,"column":6},"end":{"line":125,"column":25}},"11":{"start":{"line":129,"column":2},"end":{"line":129,"column":9}},"12":{"start":{"line":133,"column":0},"end":{"line":135,"column":3}},"13":{"start":{"line":134,"column":2},"end":{"line":134,"column":30}},"14":{"start":{"line":138,"column":0},"end":{"line":140,"column":3}},"15":{"start":{"line":139,"column":2},"end":{"line":139,"column":56}},"16":{"start":{"line":143,"column":0},"end":{"line":143,"column":44}},"17":{"start":{"line":144,"column":0},"end":{"line":144,"column":46}},"18":{"start":{"line":146,"column":0},"end":{"line":146,"column":50}}},"fnMap":{"0":{"name":"(anonymous_0)","decl":{"start":{"line":113,"column":22},"end":{"line":113,"column":23}},"loc":{"start":{"line":113,"column":43},"end":{"line":130,"column":1}},"line":113},"1":{"name":"(anonymous_1)","decl":{"start":{"line":133,"column":38},"end":{"line":133,"column":39}},"loc":{"start":{"line":133,"column":49},"end":{"line":135,"column":1}},"line":133},"2":{"name":"(anonymous_2)","decl":{"start":{"line":138,"column":41},"end":{"line":138,"column":42}},"loc":{"start":{"line":138,"column":52},"end":{"line":140,"column":1}},"line":138}},"branchMap":{"0":{"loc":{"start":{"line":118,"column":2},"end":{"line":127,"column":3}},"type":"if","locations":[{"start":{"line":118,"column":2},"end":{"line":127,"column":3}},{"start":{},"end":{}}],"line":118},"1":{"loc":{"start":{"line":139,"column":9},"end":{"line":139,"column":55}},"type":"binary-expr","locations":[{"start":{"line":139,"column":9},"end":{"line":139,"column":29}},{"start":{"line":139,"column":33},"end":{"line":139,"column":55}}],"line":139}},"s":{"0":1,"1":1,"2":1,"3":8,"4":8,"5":0,"6":0,"7":0,"8":0,"9":0,"10":0,"11":8,"12":1,"13":0,"14":1,"15":0,"16":1,"17":1,"18":1},"f":{"0":8,"1":0,"2":0},"b":{"0":[0,8],"1":[0,0]},"_coverageSchema":"1a1c01bbd47fc00a2c39e90264f33305004495a9","hash":"e18fe4518fc8598ced1ab337342aa94bbced6e50"}
,"C:\\Users\\lasit\\OneDrive\\Documents\\Backup\\Smart-Waste-Management-System-App\\backend\\models\\Route.js": {"path":"C:\\Users\\lasit\\OneDrive\\Documents\\Backup\\Smart-Waste-Management-System-App\\backend\\models\\Route.js","statementMap":{"0":{"start":{"line":1,"column":17},"end":{"line":1,"column":36}},"1":{"start":{"line":3,"column":20},"end":{"line":150,"column":2}},"2":{"start":{"line":153,"column":0},"end":{"line":156,"column":3}},"3":{"start":{"line":154,"column":2},"end":{"line":154,"column":30}},"4":{"start":{"line":155,"column":2},"end":{"line":155,"column":9}},"5":{"start":{"line":159,"column":0},"end":{"line":161,"column":3}},"6":{"start":{"line":160,"column":2},"end":{"line":160,"column":26}},"7":{"start":{"line":164,"column":0},"end":{"line":166,"column":3}},"8":{"start":{"line":165,"column":2},"end":{"line":165,"column":64}},"9":{"start":{"line":165,"column":31},"end":{"line":165,"column":55}},"10":{"start":{"line":169,"column":0},"end":{"line":171,"column":3}},"11":{"start":{"line":170,"column":2},"end":{"line":170,"column":62}},"12":{"start":{"line":170,"column":31},"end":{"line":170,"column":53}},"13":{"start":{"line":174,"column":0},"end":{"line":176,"column":3}},"14":{"start":{"line":175,"column":2},"end":{"line":175,"column":62}},"15":{"start":{"line":175,"column":31},"end":{"line":175,"column":53}},"16":{"start":{"line":179,"column":0},"end":{"line":182,"column":3}},"17":{"start":{"line":180,"column":2},"end":{"line":180,"column":39}},"18":{"start":{"line":180,"column":30},"end":{"line":180,"column":39}},"19":{"start":{"line":181,"column":2},"end":{"line":181,"column":65}},"20":{"start":{"line":185,"column":0},"end":{"line":188,"column":3}},"21":{"start":{"line":186,"column":2},"end":{"line":186,"column":43}},"22":{"start":{"line":186,"column":30},"end":{"line":186,"column":43}},"23":{"start":{"line":187,"column":2},"end":{"line":187,"column":82}},"24":{"start":{"line":187,"column":30},"end":{"line":187,"column":80}},"25":{"start":{"line":191,"column":0},"end":{"line":191,"column":46}},"26":{"start":{"line":192,"column":0},"end":{"line":192,"column":48}},"27":{"start":{"line":195,"column":0},"end":{"line":195,"column":51}},"28":{"start":{"line":196,"column":0},"end":{"line":196,"column":48}},"29":{"start":{"line":197,"column":0},"end":{"line":197,"column":36}},"30":{"start":{"line":199,"column":0},"end":{"line":199,"column":54}}},"fnMap":{"0":{"name":"(anonymous_0)","decl":{"start":{"line":153,"column":24},"end":{"line":153,"column":25}},"loc":{"start":{"line":153,"column":39},"end":{"line":156,"column":1}},"line":153},"1":{"name":"(anonymous_1)","decl":{"start":{"line":159,"column":37},"end":{"line":159,"column":38}},"loc":{"start":{"line":159,"column":48},"end":{"line":161,"column":1}},"line":159},"2":{"name":"(anonymous_2)","decl":{"start":{"line":164,"column":41},"end":{"line":164,"column":42}},"loc":{"start":{"line":164,"column":52},"end":{"line":166,"column":1}},"line":164},"3":{"name":"(anonymous_3)","decl":{"start":{"line":165,"column":26},"end":{"line":165,"column":27}},"loc":{"start":{"line":165,"column":31},"end":{"line":165,"column":55}},"line":165},"4":{"name":"(anonymous_4)","decl":{"start":{"line":169,"column":39},"end":{"line":169,"column":40}},"loc":{"start":{"line":169,"column":50},"end":{"line":171,"column":1}},"line":169},"5":{"name":"(anonymous_5)","decl":{"start":{"line":170,"column":26},"end":{"line":170,"column":27}},"loc":{"start":{"line":170,"column":31},"end":{"line":170,"column":53}},"line":170},"6":{"name":"(anonymous_6)","decl":{"start":{"line":174,"column":39},"end":{"line":174,"column":40}},"loc":{"start":{"line":174,"column":50},"end":{"line":176,"column":1}},"line":174},"7":{"name":"(anonymous_7)","decl":{"start":{"line":175,"column":26},"end":{"line":175,"column":27}},"loc":{"start":{"line":175,"column":31},"end":{"line":175,"column":53}},"line":175},"8":{"name":"(anonymous_8)","decl":{"start":{"line":179,"column":36},"end":{"line":179,"column":37}},"loc":{"start":{"line":179,"column":47},"end":{"line":182,"column":1}},"line":179},"9":{"name":"(anonymous_9)","decl":{"start":{"line":185,"column":38},"end":{"line":185,"column":39}},"loc":{"start":{"line":185,"column":49},"end":{"line":188,"column":1}},"line":185},"10":{"name":"(anonymous_10)","decl":{"start":{"line":187,"column":25},"end":{"line":187,"column":26}},"loc":{"start":{"line":187,"column":30},"end":{"line":187,"column":80}},"line":187}},"branchMap":{"0":{"loc":{"start":{"line":180,"column":2},"end":{"line":180,"column":39}},"type":"if","locations":[{"start":{"line":180,"column":2},"end":{"line":180,"column":39}},{"start":{},"end":{}}],"line":180},"1":{"loc":{"start":{"line":186,"column":2},"end":{"line":186,"column":43}},"type":"if","locations":[{"start":{"line":186,"column":2},"end":{"line":186,"column":43}},{"start":{},"end":{}}],"line":186},"2":{"loc":{"start":{"line":187,"column":30},"end":{"line":187,"column":80}},"type":"binary-expr","locations":[{"start":{"line":187,"column":30},"end":{"line":187,"column":54}},{"start":{"line":187,"column":58},"end":{"line":187,"column":80}}],"line":187}},"s":{"0":1,"1":1,"2":1,"3":8,"4":8,"5":1,"6":0,"7":1,"8":0,"9":0,"10":1,"11":0,"12":0,"13":1,"14":0,"15":0,"16":1,"17":0,"18":0,"19":0,"20":1,"21":0,"22":0,"23":0,"24":0,"25":1,"26":1,"27":1,"28":1,"29":1,"30":1},"f":{"0":8,"1":0,"2":0,"3":0,"4":0,"5":0,"6":0,"7":0,"8":0,"9":0,"10":0},"b":{"0":[0,0],"1":[0,0],"2":[0,0]},"_coverageSchema":"1a1c01bbd47fc00a2c39e90264f33305004495a9","hash":"051ec5bbfe90250e3bc113b8a2d1282a5df1eced"}
,"C:\\Users\\lasit\\OneDrive\\Documents\\Backup\\Smart-Waste-Management-System-App\\backend\\models\\User.js": {"path":"C:\\Users\\lasit\\OneDrive\\Documents\\Backup\\Smart-Waste-Management-System-App\\backend\\models\\User.js","statementMap":{"0":{"start":{"line":1,"column":17},"end":{"line":1,"column":36}},"1":{"start":{"line":2,"column":15},"end":{"line":2,"column":34}},"2":{"start":{"line":4,"column":19},"end":{"line":108,"column":2}},"3":{"start":{"line":111,"column":0},"end":{"line":117,"column":3}},"4":{"start":{"line":112,"column":2},"end":{"line":114,"column":3}},"5":{"start":{"line":113,"column":4},"end":{"line":113,"column":11}},"6":{"start":{"line":115,"column":15},"end":{"line":115,"column":39}},"7":{"start":{"line":116,"column":2},"end":{"line":116,"column":57}},"8":{"start":{"line":120,"column":0},"end":{"line":123,"column":3}},"9":{"start":{"line":121,"column":2},"end":{"line":121,"column":30}},"10":{"start":{"line":122,"column":2},"end":{"line":122,"column":9}},"11":{"start":{"line":126,"column":0},"end":{"line":128,"column":2}},"12":{"start":{"line":127,"column":2},"end":{"line":127,"column":62}},"13":{"start":{"line":131,"column":0},"end":{"line":134,"column":2}},"14":{"start":{"line":132,"column":2},"end":{"line":132,"column":30}},"15":{"start":{"line":133,"column":2},"end":{"line":133,"column":21}},"16":{"start":{"line":138,"column":0},"end":{"line":144,"column":2}},"17":{"start":{"line":139,"column":22},"end":{"line":139,"column":44}},"18":{"start":{"line":140,"column":23},"end":{"line":140,"column":55}},"19":{"start":{"line":141,"column":2},"end":{"line":141,"column":36}},"20":{"start":{"line":142,"column":2},"end":{"line":142,"column":20}},"21":{"start":{"line":143,"column":2},"end":{"line":143,"column":22}},"22":{"start":{"line":149,"column":0},"end":{"line":162,"column":2}},"23":{"start":{"line":150,"column":2},"end":{"line":152,"column":3}},"24":{"start":{"line":151,"column":4},"end":{"line":151,"column":60}},"25":{"start":{"line":153,"column":2},"end":{"line":155,"column":3}},"26":{"start":{"line":154,"column":4},"end":{"line":154,"column":50}},"27":{"start":{"line":156,"column":2},"end":{"line":156,"column":38}},"28":{"start":{"line":157,"column":2},"end":{"line":157,"column":20}},"29":{"start":{"line":160,"column":19},"end":{"line":160,"column":45}},"30":{"start":{"line":161,"column":2},"end":{"line":161,"column":54}},"31":{"start":{"line":165,"column":0},"end":{"line":167,"column":2}},"32":{"start":{"line":166,"column":2},"end":{"line":166,"column":27}},"33":{"start":{"line":169,"column":0},"end":{"line":169,"column":52}}},"fnMap":{"0":{"name":"(anonymous_0)","decl":{"start":{"line":111,"column":23},"end":{"line":111,"column":24}},"loc":{"start":{"line":111,"column":44},"end":{"line":117,"column":1}},"line":111},"1":{"name":"(anonymous_1)","decl":{"start":{"line":120,"column":23},"end":{"line":120,"column":24}},"loc":{"start":{"line":120,"column":38},"end":{"line":123,"column":1}},"line":120},"2":{"name":"(anonymous_2)","decl":{"start":{"line":126,"column":37},"end":{"line":126,"column":38}},"loc":{"start":{"line":126,"column":69},"end":{"line":128,"column":1}},"line":126},"3":{"name":"(anonymous_3)","decl":{"start":{"line":131,"column":37},"end":{"line":131,"column":38}},"loc":{"start":{"line":131,"column":48},"end":{"line":134,"column":1}},"line":131},"4":{"name":"(anonymous_4)","decl":{"start":{"line":138,"column":32},"end":{"line":138,"column":33}},"loc":{"start":{"line":138,"column":77},"end":{"line":144,"column":1}},"line":138},"5":{"name":"(anonymous_5)","decl":{"start":{"line":149,"column":34},"end":{"line":149,"column":35}},"loc":{"start":{"line":149,"column":65},"end":{"line":162,"column":1}},"line":149},"6":{"name":"(anonymous_6)","decl":{"start":{"line":165,"column":37},"end":{"line":165,"column":38}},"loc":{"start":{"line":165,"column":48},"end":{"line":167,"column":1}},"line":165}},"branchMap":{"0":{"loc":{"start":{"line":112,"column":2},"end":{"line":114,"column":3}},"type":"if","locations":[{"start":{"line":112,"column":2},"end":{"line":114,"column":3}},{"start":{},"end":{}}],"line":112},"1":{"loc":{"start":{"line":138,"column":55},"end":{"line":138,"column":75}},"type":"default-arg","locations":[{"start":{"line":138,"column":70},"end":{"line":138,"column":75}}],"line":138},"2":{"loc":{"start":{"line":139,"column":22},"end":{"line":139,"column":44}},"type":"cond-expr","locations":[{"start":{"line":139,"column":37},"end":{"line":139,"column":39}},{"start":{"line":139,"column":42},"end":{"line":139,"column":44}}],"line":139},"3":{"loc":{"start":{"line":150,"column":2},"end":{"line":152,"column":3}},"type":"if","locations":[{"start":{"line":150,"column":2},"end":{"line":152,"column":3}},{"start":{},"end":{}}],"line":150},"4":{"loc":{"start":{"line":153,"column":2},"end":{"line":155,"column":3}},"type":"if","locations":[{"start":{"line":153,"column":2},"end":{"line":155,"column":3}},{"start":{},"end":{}}],"line":153}},"s":{"0":1,"1":1,"2":1,"3":1,"4":12,"5":0,"6":12,"7":12,"8":1,"9":12,"10":12,"11":1,"12":0,"13":1,"14":0,"15":0,"16":1,"17":0,"18":0,"19":0,"20":0,"21":0,"22":1,"23":0,"24":0,"25":0,"26":0,"27":0,"28":0,"29":0,"30":0,"31":1,"32":0,"33":1},"f":{"0":12,"1":12,"2":0,"3":0,"4":0,"5":0,"6":0},"b":{"0":[0,12],"1":[0],"2":[0,0],"3":[0,0],"4":[0,0]},"_coverageSchema":"1a1c01bbd47fc00a2c39e90264f33305004495a9","hash":"d99e0e9d483663442ec7889363c60a0e9d7ffd36"}
}
