TN:
SF:controllers\routeController.js
FN:12,(anonymous_0)
FN:34,(anonymous_1)
FN:66,(anonymous_2)
FN:101,(anonymous_3)
FN:153,(anonymous_4)
FN:184,(anonymous_5)
FN:207,(anonymous_6)
FN:217,(anonymous_7)
FN:252,(anonymous_8)
FN:284,(anonymous_9)
FN:341,(anonymous_10)
FN:373,(anonymous_11)
FN:402,(anonymous_12)
FN:439,(anonymous_13)
FN:477,(anonymous_14)
FN:520,(anonymous_15)
FN:625,(anonymous_16)
FN:662,(anonymous_17)
FN:696,(anonymous_18)
FN:724,(anonymous_19)
FN:734,(anonymous_20)
FN:735,(anonymous_21)
FN:736,(anonymous_22)
FN:745,(anonymous_23)
FN:752,(anonymous_24)
FNF:25
FNH:5
FNDA:7,(anonymous_0)
FNDA:4,(anonymous_1)
FNDA:4,(anonymous_2)
FNDA:2,(anonymous_3)
FNDA:0,(anonymous_4)
FNDA:2,(anonymous_5)
FNDA:0,(anonymous_6)
FNDA:0,(anonymous_7)
FNDA:0,(anonymous_8)
FNDA:0,(anonymous_9)
FNDA:0,(anonymous_10)
FNDA:0,(anonymous_11)
FNDA:0,(anonymous_12)
FNDA:0,(anonymous_13)
FNDA:0,(anonymous_14)
FNDA:0,(anonymous_15)
FNDA:0,(anonymous_16)
FNDA:0,(anonymous_17)
FNDA:0,(anonymous_18)
FNDA:0,(anonymous_19)
FNDA:0,(anonymous_20)
FNDA:0,(anonymous_21)
FNDA:0,(anonymous_22)
FNDA:0,(anonymous_23)
FNDA:0,(anonymous_24)
DA:1,1
DA:2,1
DA:3,1
DA:12,1
DA:13,7
DA:14,7
DA:17,7
DA:18,4
DA:25,3
DA:26,3
DA:27,0
DA:34,4
DA:35,3
DA:37,3
DA:38,0
DA:45,3
DA:46,1
DA:47,1
DA:48,0
DA:53,1
DA:54,0
DA:62,3
DA:66,4
DA:77,3
DA:83,3
DA:89,0
DA:90,0
DA:101,1
DA:102,2
DA:103,2
DA:106,2
DA:107,2
DA:108,2
DA:109,2
DA:110,0
DA:111,0
DA:112,0
DA:116,2
DA:118,2
DA:126,2
DA:128,2
DA:141,0
DA:142,0
DA:153,1
DA:154,0
DA:155,0
DA:160,0
DA:161,0
DA:167,0
DA:172,0
DA:173,0
DA:184,1
DA:185,2
DA:186,2
DA:188,2
DA:189,0
DA:196,2
DA:197,1
DA:203,1
DA:206,1
DA:207,0
DA:208,0
DA:210,0
DA:211,0
DA:217,0
DA:224,1
DA:225,1
DA:226,1
DA:228,1
DA:229,1
DA:234,1
DA:240,0
DA:241,0
DA:252,1
DA:253,0
DA:254,0
DA:256,0
DA:257,0
DA:265,0
DA:267,0
DA:272,0
DA:273,0
DA:284,1
DA:285,0
DA:286,0
DA:288,0
DA:289,0
DA:296,0
DA:297,0
DA:298,0
DA:303,0
DA:304,0
DA:310,0
DA:312,0
DA:313,0
DA:319,0
DA:320,0
DA:321,0
DA:323,0
DA:329,0
DA:330,0
DA:341,1
DA:342,0
DA:343,0
DA:352,0
DA:357,0
DA:358,0
DA:373,1
DA:374,0
DA:375,0
DA:377,0
DA:378,0
DA:380,0
DA:385,0
DA:390,0
DA:391,0
DA:402,1
DA:403,0
DA:404,0
DA:405,0
DA:407,0
DA:408,0
DA:415,0
DA:416,0
DA:423,0
DA:424,0
DA:431,0
DA:432,0
DA:439,0
DA:440,0
DA:441,0
DA:448,0
DA:449,0
DA:450,0
DA:456,0
DA:457,0
DA:459,0
DA:465,0
DA:466,0
DA:477,1
DA:478,0
DA:479,0
DA:480,0
DA:481,0
DA:482,0
DA:484,0
DA:486,0
DA:487,0
DA:494,0
DA:495,0
DA:502,0
DA:503,0
DA:510,0
DA:511,0
DA:512,0
DA:520,0
DA:522,0
DA:523,0
DA:530,0
DA:533,0
DA:534,0
DA:535,0
DA:538,0
DA:539,0
DA:540,0
DA:542,0
DA:545,0
DA:549,0
DA:550,0
DA:551,0
DA:553,0
DA:554,0
DA:556,0
DA:559,0
DA:562,0
DA:570,0
DA:571,0
DA:572,0
DA:579,0
DA:583,0
DA:584,0
DA:585,0
DA:587,0
DA:588,0
DA:589,0
DA:590,0
DA:593,0
DA:599,0
DA:601,0
DA:603,0
DA:613,0
DA:614,0
DA:625,1
DA:626,0
DA:627,0
DA:629,0
DA:630,0
DA:636,0
DA:638,0
DA:639,0
DA:646,0
DA:647,0
DA:654,0
DA:655,0
DA:662,0
DA:664,0
DA:665,0
DA:672,0
DA:673,0
DA:675,0
DA:676,0
DA:678,0
DA:684,0
DA:685,0
DA:696,1
DA:697,0
DA:698,0
DA:700,0
DA:701,0
DA:708,0
DA:709,0
DA:716,0
DA:717,0
DA:724,0
DA:725,0
DA:728,0
DA:729,0
DA:734,0
DA:735,0
DA:736,0
DA:742,0
DA:745,0
DA:746,0
DA:749,0
DA:750,0
DA:752,0
DA:753,0
DA:756,0
DA:759,0
DA:761,0
DA:762,0
DA:765,0
DA:768,0
DA:769,0
DA:772,0
DA:775,0
DA:776,0
DA:782,0
DA:787,0
DA:788,0
DA:791,0
DA:792,0
DA:795,0
DA:796,0
DA:797,0
DA:798,0
DA:799,0
DA:800,0
DA:801,0
DA:802,0
DA:803,0
DA:804,0
DA:806,0
DA:808,0
DA:822,0
DA:823,0
LF:266
LH:55
BRDA:17,0,0,4
BRDA:17,0,1,3
BRDA:17,1,0,7
BRDA:17,1,1,6
BRDA:17,1,2,6
BRDA:17,1,3,3
BRDA:17,1,4,3
BRDA:26,2,0,0
BRDA:26,2,1,3
BRDA:37,3,0,0
BRDA:37,3,1,3
BRDA:45,4,0,1
BRDA:45,4,1,2
BRDA:47,5,0,0
BRDA:47,5,1,1
BRDA:53,6,0,0
BRDA:53,6,1,1
BRDA:65,7,0,3
BRDA:65,7,1,2
BRDA:73,8,0,3
BRDA:73,8,1,2
BRDA:103,9,0,2
BRDA:103,10,0,2
BRDA:107,11,0,1
BRDA:107,11,1,1
BRDA:108,12,0,0
BRDA:108,12,1,2
BRDA:109,13,0,0
BRDA:109,13,1,2
BRDA:109,14,0,2
BRDA:109,14,1,2
BRDA:111,15,0,0
BRDA:111,15,1,0
BRDA:112,16,0,0
BRDA:112,16,1,0
BRDA:160,17,0,0
BRDA:160,17,1,0
BRDA:188,18,0,0
BRDA:188,18,1,2
BRDA:196,19,0,1
BRDA:196,19,1,1
BRDA:206,20,0,0
BRDA:206,20,1,1
BRDA:210,21,0,0
BRDA:210,21,1,0
BRDA:224,22,0,1
BRDA:224,22,1,0
BRDA:225,23,0,1
BRDA:225,23,1,0
BRDA:226,24,0,0
BRDA:226,24,1,1
BRDA:256,25,0,0
BRDA:256,25,1,0
BRDA:288,26,0,0
BRDA:288,26,1,0
BRDA:297,27,0,0
BRDA:297,27,1,0
BRDA:303,28,0,0
BRDA:303,28,1,0
BRDA:312,29,0,0
BRDA:312,29,1,0
BRDA:378,30,0,0
BRDA:378,30,1,0
BRDA:407,31,0,0
BRDA:407,31,1,0
BRDA:415,32,0,0
BRDA:415,32,1,0
BRDA:415,33,0,0
BRDA:415,33,1,0
BRDA:423,34,0,0
BRDA:423,34,1,0
BRDA:431,35,0,0
BRDA:431,35,1,0
BRDA:431,36,0,0
BRDA:431,36,1,0
BRDA:431,36,2,0
BRDA:440,37,0,0
BRDA:440,37,1,0
BRDA:452,38,0,0
BRDA:452,38,1,0
BRDA:486,39,0,0
BRDA:486,39,1,0
BRDA:494,40,0,0
BRDA:494,40,1,0
BRDA:494,41,0,0
BRDA:494,41,1,0
BRDA:502,42,0,0
BRDA:502,42,1,0
BRDA:510,43,0,0
BRDA:510,43,1,0
BRDA:511,44,0,0
BRDA:511,44,1,0
BRDA:511,45,0,0
BRDA:511,45,1,0
BRDA:522,46,0,0
BRDA:522,46,1,0
BRDA:538,47,0,0
BRDA:538,47,1,0
BRDA:538,48,0,0
BRDA:538,48,1,0
BRDA:550,49,0,0
BRDA:550,49,1,0
BRDA:550,50,0,0
BRDA:550,50,1,0
BRDA:564,51,0,0
BRDA:564,51,1,0
BRDA:571,52,0,0
BRDA:571,52,1,0
BRDA:571,53,0,0
BRDA:571,53,1,0
BRDA:571,53,2,0
BRDA:576,54,0,0
BRDA:576,54,1,0
BRDA:587,55,0,0
BRDA:587,55,1,0
BRDA:590,56,0,0
BRDA:590,56,1,0
BRDA:608,57,0,0
BRDA:608,57,1,0
BRDA:629,58,0,0
BRDA:629,58,1,0
BRDA:638,59,0,0
BRDA:638,59,1,0
BRDA:646,60,0,0
BRDA:646,60,1,0
BRDA:646,61,0,0
BRDA:646,61,1,0
BRDA:654,62,0,0
BRDA:654,62,1,0
BRDA:664,63,0,0
BRDA:664,63,1,0
BRDA:700,64,0,0
BRDA:700,64,1,0
BRDA:708,65,0,0
BRDA:708,65,1,0
BRDA:708,66,0,0
BRDA:708,66,1,0
BRDA:716,67,0,0
BRDA:716,67,1,0
BRDA:725,68,0,0
BRDA:725,68,1,0
BRDA:728,69,0,0
BRDA:728,69,1,0
BRDA:753,70,0,0
BRDA:753,70,1,0
BRDA:759,71,0,0
BRDA:759,71,1,0
BRDA:759,72,0,0
BRDA:759,72,1,0
BRDA:765,73,0,0
BRDA:765,73,1,0
BRDA:775,74,0,0
BRDA:775,74,1,0
BRDA:782,75,0,0
BRDA:782,75,1,0
BRDA:787,76,0,0
BRDA:787,76,1,0
BRF:157
BRH:32
end_of_record
TN:
SF:models\Bin.js
FN:113,(anonymous_0)
FN:133,(anonymous_1)
FN:138,(anonymous_2)
FNF:3
FNH:1
FNDA:8,(anonymous_0)
FNDA:0,(anonymous_1)
FNDA:0,(anonymous_2)
DA:1,1
DA:3,1
DA:113,1
DA:115,8
DA:118,8
DA:119,0
DA:120,0
DA:121,0
DA:122,0
DA:124,0
DA:125,0
DA:129,8
DA:133,1
DA:134,0
DA:138,1
DA:139,0
DA:143,1
DA:144,1
DA:146,1
LF:19
LH:11
BRDA:118,0,0,0
BRDA:118,0,1,8
BRDA:139,1,0,0
BRDA:139,1,1,0
BRF:4
BRH:1
end_of_record
TN:
SF:models\Route.js
FN:153,(anonymous_0)
FN:159,(anonymous_1)
FN:164,(anonymous_2)
FN:165,(anonymous_3)
FN:169,(anonymous_4)
FN:170,(anonymous_5)
FN:174,(anonymous_6)
FN:175,(anonymous_7)
FN:179,(anonymous_8)
FN:185,(anonymous_9)
FN:187,(anonymous_10)
FNF:11
FNH:1
FNDA:8,(anonymous_0)
FNDA:0,(anonymous_1)
FNDA:0,(anonymous_2)
FNDA:0,(anonymous_3)
FNDA:0,(anonymous_4)
FNDA:0,(anonymous_5)
FNDA:0,(anonymous_6)
FNDA:0,(anonymous_7)
FNDA:0,(anonymous_8)
FNDA:0,(anonymous_9)
FNDA:0,(anonymous_10)
DA:1,1
DA:3,1
DA:153,1
DA:154,8
DA:155,8
DA:159,1
DA:160,0
DA:164,1
DA:165,0
DA:169,1
DA:170,0
DA:174,1
DA:175,0
DA:179,1
DA:180,0
DA:181,0
DA:185,1
DA:186,0
DA:187,0
DA:191,1
DA:192,1
DA:195,1
DA:196,1
DA:197,1
DA:199,1
LF:25
LH:17
BRDA:180,0,0,0
BRDA:180,0,1,0
BRDA:186,1,0,0
BRDA:186,1,1,0
BRDA:187,2,0,0
BRDA:187,2,1,0
BRF:6
BRH:0
end_of_record
TN:
SF:models\User.js
FN:111,(anonymous_0)
FN:120,(anonymous_1)
FN:126,(anonymous_2)
FN:131,(anonymous_3)
FN:138,(anonymous_4)
FN:149,(anonymous_5)
FN:165,(anonymous_6)
FNF:7
FNH:2
FNDA:12,(anonymous_0)
FNDA:12,(anonymous_1)
FNDA:0,(anonymous_2)
FNDA:0,(anonymous_3)
FNDA:0,(anonymous_4)
FNDA:0,(anonymous_5)
FNDA:0,(anonymous_6)
DA:1,1
DA:2,1
DA:4,1
DA:111,1
DA:112,12
DA:113,0
DA:115,12
DA:116,12
DA:120,1
DA:121,12
DA:122,12
DA:126,1
DA:127,0
DA:131,1
DA:132,0
DA:133,0
DA:138,1
DA:139,0
DA:140,0
DA:141,0
DA:142,0
DA:143,0
DA:149,1
DA:150,0
DA:151,0
DA:153,0
DA:154,0
DA:156,0
DA:157,0
DA:160,0
DA:161,0
DA:165,1
DA:166,0
DA:169,1
LF:34
LH:16
BRDA:112,0,0,0
BRDA:112,0,1,12
BRDA:138,1,0,0
BRDA:139,2,0,0
BRDA:139,2,1,0
BRDA:150,3,0,0
BRDA:150,3,1,0
BRDA:153,4,0,0
BRDA:153,4,1,0
BRF:9
BRH:1
end_of_record
