TN:
SF:controllers/analyticsController.js
FN:11,(anonymous_0)
FN:48,(anonymous_1)
FN:66,(anonymous_2)
FN:85,(anonymous_3)
FN:103,(anonymous_4)
FN:121,(anonymous_5)
FN:139,(anonymous_6)
FN:157,(anonymous_7)
FN:176,getUserAnalytics
FN:199,getRouteAnalytics
FN:215,(anonymous_10)
FN:232,getBinAnalytics
FN:243,(anonymous_12)
FN:259,(anonymous_13)
FN:266,getCollectionAnalytics
FN:275,(anonymous_15)
FN:318,getPerformanceAnalytics
FN:325,(anonymous_17)
FN:347,calculateKPIs
FN:379,getCollectionTrendsData
FN:397,(anonymous_20)
FN:398,(anonymous_21)
FN:419,(anonymous_22)
FN:420,(anonymous_23)
FN:439,(anonymous_24)
FN:440,(anonymous_25)
FN:453,getWasteDistributionData
FN:468,(anonymous_27)
FN:485,(anonymous_28)
FN:496,getRoutePerformanceData
FN:502,(anonymous_30)
FN:523,getBinAnalyticsData
FN:566,(anonymous_32)
FN:572,(anonymous_33)
FN:578,(anonymous_34)
FN:595,getUserAnalyticsDetailed
FN:637,(anonymous_36)
FN:643,(anonymous_37)
FN:649,(anonymous_38)
FN:655,(anonymous_39)
FN:669,getZoneAnalyticsData
FN:674,(anonymous_41)
FN:697,(anonymous_42)
FN:699,(anonymous_43)
FN:716,(anonymous_44)
FNF:45
FNH:32
FNDA:0,(anonymous_0)
FNDA:1,(anonymous_1)
FNDA:0,(anonymous_2)
FNDA:2,(anonymous_3)
FNDA:1,(anonymous_4)
FNDA:2,(anonymous_5)
FNDA:2,(anonymous_6)
FNDA:2,(anonymous_7)
FNDA:1,getUserAnalytics
FNDA:1,getRouteAnalytics
FNDA:0,(anonymous_10)
FNDA:1,getBinAnalytics
FNDA:4,(anonymous_12)
FNDA:1,(anonymous_13)
FNDA:1,getCollectionAnalytics
FNDA:0,(anonymous_15)
FNDA:1,getPerformanceAnalytics
FNDA:0,(anonymous_17)
FNDA:1,calculateKPIs
FNDA:0,getCollectionTrendsData
FNDA:0,(anonymous_20)
FNDA:0,(anonymous_21)
FNDA:0,(anonymous_22)
FNDA:0,(anonymous_23)
FNDA:0,(anonymous_24)
FNDA:0,(anonymous_25)
FNDA:2,getWasteDistributionData
FNDA:8,(anonymous_27)
FNDA:8,(anonymous_28)
FNDA:1,getRoutePerformanceData
FNDA:1,(anonymous_30)
FNDA:2,getBinAnalyticsData
FNDA:8,(anonymous_32)
FNDA:8,(anonymous_33)
FNDA:10,(anonymous_34)
FNDA:2,getUserAnalyticsDetailed
FNDA:6,(anonymous_36)
FNDA:4,(anonymous_37)
FNDA:6,(anonymous_38)
FNDA:0,(anonymous_39)
FNDA:2,getZoneAnalyticsData
FNDA:8,(anonymous_41)
FNDA:4,(anonymous_42)
FNDA:8,(anonymous_43)
FNDA:2,(anonymous_44)
DA:6,1
DA:7,1
DA:8,1
DA:11,1
DA:12,0
DA:19,0
DA:27,0
DA:39,0
DA:40,0
DA:48,1
DA:49,1
DA:50,1
DA:52,0
DA:57,1
DA:58,1
DA:66,1
DA:67,0
DA:68,0
DA:69,0
DA:71,0
DA:76,0
DA:77,0
DA:85,1
DA:86,2
DA:87,2
DA:89,2
DA:94,0
DA:95,0
DA:103,1
DA:104,1
DA:105,1
DA:107,1
DA:112,0
DA:113,0
DA:121,1
DA:122,2
DA:123,2
DA:125,2
DA:130,0
DA:131,0
DA:139,1
DA:140,2
DA:141,2
DA:143,2
DA:148,0
DA:149,0
DA:157,1
DA:158,2
DA:159,2
DA:161,2
DA:166,0
DA:167,0
DA:177,1
DA:178,0
DA:179,0
DA:180,0
DA:183,0
DA:184,0
DA:185,0
DA:189,0
DA:200,1
DA:201,1
DA:202,1
DA:203,1
DA:204,1
DA:207,1
DA:213,1
DA:214,1
DA:215,0
DA:216,0
DA:217,0
DA:219,0
DA:222,1
DA:233,1
DA:234,1
DA:235,1
DA:236,1
DA:237,1
DA:240,1
DA:241,1
DA:242,1
DA:243,4
DA:244,1
DA:248,1
DA:252,1
DA:259,1
DA:268,1
DA:270,1
DA:271,1
DA:272,1
DA:275,1
DA:276,0
DA:277,0
DA:278,0
DA:282,0
DA:287,0
DA:288,0
DA:289,0
DA:290,0
DA:292,0
DA:297,0
DA:302,0
DA:307,0
DA:319,1
DA:321,1
DA:322,1
DA:323,1
DA:325,1
DA:326,0
DA:327,0
DA:328,0
DA:330,0
DA:331,0
DA:335,0
DA:336,0
DA:338,0
DA:354,1
DA:362,0
DA:381,0
DA:382,0
DA:384,0
DA:386,0
DA:387,0
DA:388,0
DA:389,0
DA:390,0
DA:392,0
DA:397,0
DA:398,0
DA:400,0
DA:406,0
DA:408,0
DA:409,0
DA:410,0
DA:411,0
DA:412,0
DA:414,0
DA:419,0
DA:420,0
DA:422,0
DA:428,0
DA:430,0
DA:431,0
DA:432,0
DA:434,0
DA:439,0
DA:440,0
DA:442,0
DA:450,0
DA:455,2
DA:458,2
DA:465,2
DA:468,2
DA:469,8
DA:471,8
DA:475,8
DA:476,8
DA:477,8
DA:479,0
DA:480,0
DA:485,8
DA:493,2
DA:497,1
DA:502,1
DA:504,1
DA:505,1
DA:506,1
DA:509,1
DA:524,2
DA:527,2
DA:535,2
DA:543,2
DA:552,2
DA:555,2
DA:558,2
DA:561,2
DA:565,2
DA:566,8
DA:572,8
DA:578,10
DA:596,2
DA:599,2
DA:606,2
DA:612,2
DA:619,2
DA:620,2
DA:622,2
DA:636,2
DA:637,6
DA:643,4
DA:649,6
DA:655,0
DA:670,2
DA:673,2
DA:674,2
DA:675,8
DA:676,8
DA:677,4
DA:687,8
DA:688,8
DA:689,8
DA:690,8
DA:691,8
DA:692,2
DA:697,2
DA:698,4
DA:699,8
DA:701,4
DA:705,4
DA:716,2
DA:718,2
LF:211
LH:123
BRDA:68,0,0,0
BRDA:214,1,0,0
BRDA:214,1,1,1
BRDA:242,2,0,1
BRDA:242,2,1,0
BRDA:276,3,0,0
BRDA:276,3,1,0
BRDA:277,4,0,0
BRDA:277,4,1,0
BRDA:278,5,0,0
BRDA:278,5,1,0
BRDA:282,6,0,0
BRDA:282,6,1,0
BRDA:311,7,0,0
BRDA:311,7,1,0
BRDA:326,8,0,0
BRDA:326,8,1,0
BRDA:330,9,0,0
BRDA:330,9,1,0
BRDA:335,10,0,0
BRDA:335,10,1,0
BRDA:336,11,0,0
BRDA:336,11,1,0
BRDA:384,12,0,0
BRDA:384,12,1,0
BRDA:397,13,0,0
BRDA:397,13,1,0
BRDA:398,14,0,0
BRDA:398,14,1,0
BRDA:406,15,0,0
BRDA:406,15,1,0
BRDA:419,16,0,0
BRDA:419,16,1,0
BRDA:420,17,0,0
BRDA:420,17,1,0
BRDA:428,18,0,0
BRDA:428,18,1,0
BRDA:439,19,0,0
BRDA:439,19,1,0
BRDA:440,20,0,0
BRDA:440,20,1,0
BRDA:469,21,0,8
BRDA:469,21,1,0
BRDA:471,22,0,8
BRDA:471,22,1,0
BRDA:471,23,0,8
BRDA:471,23,1,8
BRDA:475,24,0,8
BRDA:475,24,1,0
BRDA:488,25,0,8
BRDA:488,25,1,0
BRDA:493,26,0,2
BRDA:493,26,1,0
BRDA:505,27,0,1
BRDA:505,27,1,0
BRDA:505,28,0,1
BRDA:505,28,1,1
BRDA:512,29,0,1
BRDA:512,29,1,0
BRDA:513,30,0,1
BRDA:513,30,1,0
BRDA:514,31,0,1
BRDA:514,31,1,0
BRDA:515,32,0,1
BRDA:515,32,1,0
BRDA:516,33,0,1
BRDA:516,33,1,0
BRDA:517,34,0,1
BRDA:517,34,1,0
BRDA:555,35,0,2
BRDA:555,35,1,0
BRDA:561,36,0,2
BRDA:561,36,1,0
BRDA:570,37,0,2
BRDA:570,37,1,6
BRDA:570,38,0,2
BRDA:570,38,1,4
BRDA:570,39,0,2
BRDA:570,39,1,2
BRDA:576,40,0,2
BRDA:576,40,1,6
BRDA:576,41,0,2
BRDA:576,41,1,4
BRDA:576,42,0,2
BRDA:576,42,1,2
BRDA:582,43,0,2
BRDA:582,43,1,8
BRDA:582,44,0,2
BRDA:582,44,1,6
BRDA:582,45,0,2
BRDA:582,45,1,4
BRDA:582,46,0,2
BRDA:582,46,1,2
BRDA:641,47,0,2
BRDA:641,47,1,4
BRDA:641,48,0,2
BRDA:641,48,1,2
BRDA:647,49,0,2
BRDA:647,49,1,2
BRDA:653,50,0,2
BRDA:653,50,1,4
BRDA:653,51,0,2
BRDA:653,51,1,2
BRDA:675,52,0,8
BRDA:675,52,1,0
BRDA:676,53,0,4
BRDA:676,53,1,4
BRDA:688,54,0,8
BRDA:688,54,1,0
BRDA:689,55,0,8
BRDA:689,55,1,0
BRDA:690,56,0,8
BRDA:690,56,1,0
BRDA:691,57,0,2
BRDA:691,57,1,6
BRDA:691,58,0,8
BRDA:691,58,1,6
BRDA:698,59,0,4
BRDA:698,59,1,0
BRDA:701,60,0,4
BRDA:701,60,1,0
BRF:121
BRH:62
end_of_record
TN:
SF:models/Bin.js
FN:82,(anonymous_0)
FN:88,(anonymous_1)
FN:97,(anonymous_2)
FN:102,(anonymous_3)
FNF:4
FNH:0
FNDA:0,(anonymous_0)
FNDA:0,(anonymous_1)
FNDA:0,(anonymous_2)
FNDA:0,(anonymous_3)
DA:1,1
DA:3,1
DA:82,1
DA:83,0
DA:84,0
DA:88,1
DA:89,0
DA:90,0
DA:91,0
DA:93,0
DA:97,1
DA:98,0
DA:102,1
DA:103,0
DA:107,1
DA:108,1
DA:110,1
LF:17
LH:9
BRDA:89,0,0,0
BRDA:89,0,1,0
BRDA:103,1,0,0
BRDA:103,1,1,0
BRF:4
BRH:0
end_of_record
TN:
SF:models/Route.js
FN:123,(anonymous_0)
FN:129,(anonymous_1)
FN:134,(anonymous_2)
FN:135,(anonymous_3)
FN:139,(anonymous_4)
FN:140,(anonymous_5)
FN:144,(anonymous_6)
FN:145,(anonymous_7)
FN:149,(anonymous_8)
FN:155,(anonymous_9)
FN:157,(anonymous_10)
FNF:11
FNH:11
FNDA:30,(anonymous_0)
FNDA:5,(anonymous_1)
FNDA:5,(anonymous_2)
FNDA:13,(anonymous_3)
FNDA:2,(anonymous_4)
FNDA:5,(anonymous_5)
FNDA:2,(anonymous_6)
FNDA:5,(anonymous_7)
FNDA:4,(anonymous_8)
FNDA:5,(anonymous_9)
FNDA:8,(anonymous_10)
DA:1,2
DA:3,2
DA:123,2
DA:124,30
DA:125,30
DA:129,2
DA:130,5
DA:134,2
DA:135,13
DA:139,2
DA:140,5
DA:144,2
DA:145,5
DA:149,2
DA:150,4
DA:151,3
DA:155,2
DA:156,5
DA:157,8
DA:161,2
DA:162,2
DA:165,2
DA:166,2
DA:167,2
DA:169,2
LF:25
LH:25
BRDA:150,0,0,1
BRDA:150,0,1,3
BRDA:156,1,0,1
BRDA:156,1,1,4
BRDA:157,2,0,8
BRDA:157,2,1,3
BRF:6
BRH:6
end_of_record
TN:
SF:models/User.js
FN:102,(anonymous_0)
FN:111,(anonymous_1)
FN:117,(anonymous_2)
FN:122,(anonymous_3)
FNF:4
FNH:0
FNDA:0,(anonymous_0)
FNDA:0,(anonymous_1)
FNDA:0,(anonymous_2)
FNDA:0,(anonymous_3)
DA:1,1
DA:2,1
DA:4,1
DA:102,1
DA:103,0
DA:104,0
DA:106,0
DA:107,0
DA:111,1
DA:112,0
DA:113,0
DA:117,1
DA:118,0
DA:122,1
DA:123,0
DA:124,0
DA:127,1
LF:17
LH:8
BRDA:103,0,0,0
BRDA:103,0,1,0
BRF:2
BRH:0
end_of_record
